2003-44_2_ID=articleId=4877
2009-50_1_ID=TAL-2009-50-1-01-Barque
2005-46_2_ID=articleId=9937
2007-48_1_ID=TAL-2007-48-1-03-Popescu-Belis
2006-47_1_ID=TAL-2006-47-1-04-Tannier
2002-43_1_ID=TAL43_1_1-presentationRevue
2017-58_1_ID=TAL_58_1_2
2008-49_3_ID=TAL-2008-49-3-06-Burki
2009-50_3_ID=TAL-2009-3-03-Andrews
2006-47_3_ID=TAL-2006-47-3-02-Battistelli
2003-44_2_ID=articleId=4872
2002-43_2_ID=2002-43_2-5
2007-48_1_ID=TAL-2007-48-1-07-Goulet
2006-47_3_ID=TAL-2006-47-3-08-Bouillon
2021-62_3_ID=TAL_62_3_1
2007-48_1_ID=TAL-2007-48-1-06-Viethen
2008-49_3_ID=TAL-2008-49-3-02-Bazillon
2018-59_2_ID=indices-phonologiques_6_
2008-49_1_ID=TAL-2008-49-1-07-Zouaghi
2008-49_2_ID=TAL-2008-49-2-06-Sagot
2005-46_3_ID=articleId=9952
2016-57_1_ID=1-Greefhorst-TAL57-1
2014-55_2_ID=TAL_55_2_4
2019-60_2_ID=redonner-du-sens-_C3_A0-l_E2_80_99accord-interannotateur-vers-une-interpr_C3_A9tation-des-mesures-d_E2_80_99accord-en
2009-50_1_ID=TAL-2009-50-1-10-Nazarenko
2009-50_3_ID=TAL-2009-3-01-Jamoussi
2007-48_3_ID=TAL-2007-48-3-05-Gibet
2006-47_1_ID=TAL-2006-47-1-05-Venant
2011-52_1_ID=Cascades-de-transducteurs-autour
2009-50_1_ID=TAL-2009-50-1-09-Kallmeyer
2005-46_1_ID=2005-46_1-6
2018-59_3_ID=TAL59-3-Lim
2005-46_3_ID=articleId=9951
2005-46_2_ID=articleId=9939
2012-53_3_ID=Gotti-TAL53-3
1999-40_1_ID=1999-40_1-3
2015-56_2_ID=TAL_56_2_1
2009-50_2_ID=TAL-2009-50-2-01-Haug
2012-53_3_ID=Zesch-TAL3-3
2020-61_2_ID=multi-pass-sieve-clinical-concept-normalization
2007-48_3_ID=TAL-2007-48-3-03-Geraci
2013-54_1_ID=Francois-TAL54-1-2
2008-49_2_ID=TAL-2008-49-2-08-Chiarcos
2012-53_2_ID=4-Moot-TAL53-2
2020-61_3_ID=TAL_61_3_1
2009-50_2_ID=TAL-2009-50-2-08-Kondrak
2014-55_1_ID=TAL_55_1_1
2015-56_2_ID=TAL_56_2_0
2016-57_3_ID=indices-phonologiques_6_
2022-63_1_ID=TAL_63_1_1
2000-41_3_ID=2000-41_3-1
2014-55_3_ID=TAL_55_3_1
2013-54_3_ID=Detection-d-evenements-a-partir-de
2011-52_2_ID=1-Lavallee-TAL52-2-2011
2009-50_2_ID=TAL-2009-50-2-03-Candido
2007-48_3_ID=TAL_48_3_7
2006-47_3_ID=TAL-2006-47-3-06-Tran
2009-50_1_ID=TAL-2009-50-1-05-Danlos
2019-60_3_ID=TAL-60-3_RoddaEtAl_VectorSpaceModelsOfAncientGreekWordMeaning
2011-52_3_ID=Une-procedure-automatique-pour
2008-49_1_ID=TAL-2008-49-1-03-Sagot
2002-43_2_ID=2002-43_2-1
2018-59_1_ID=TAL59-1-Yvon
1999-40_1_ID=1999-40_1-5
2014-55_1_ID=TAL_55_1_3
2014-55_2_ID=TAL_55_2_1
2017-58_3_ID=TAL_58_3_2
2000-41_3_ID=2000-41_3-6
2006-47_3_ID=TAL-2006-47-3-04-Ehrmann
2003-44_2_ID=articleId=4879
2007-48_1_ID=TAL-2007-48-1-05-Allemandou
2011-52_1_ID=Pour-une-interlangue-utile-en
2008-49_3_ID=TAL-2008-49-3-04-Bertrand
2007-48_2_ID=TAL-2007-48-2-02-Blache
2018-59_2_ID=article-tap-didactique_21092017
2016-57_3_ID=TAL_57_03_20170920
2017-58_2_ID=TAL_58_2_1
2016-57_1_ID=3-Coavoux-TAL57-1
2002-43_1_ID=2002-43_1-5
2020-61_3_ID=TAL_61_3_2
2002-43_1_ID=2002-43_1-3
2014-55_2_ID=TAL_55_2_3
2015-56_3_ID=Analyse-en-dependance-et
2010-51_3_ID=Resume-automatique-de-textes-d
2002-43_2_ID=2002-43_2-3
2005-46_2_ID=articleId=9938
2010-51_1_ID=TAL-2010-51-1-1-Beaufort
2009-50_2_ID=TAL-2009-50-2-05-Poudat
2012-53_2_ID=2-Kessler-TAL53-2-2
2012-53_2_ID=3-Pustejovsky-TAL53-2
2007-48_3_ID=TAL-2007-48-3-04-Boutet
2018-59_1_ID=TAL59-1-Kahane
2006-47_2_ID=TAL-2006-47-2-01-Intro
2005-46_1_ID=articleId=8144
2019-60_3_ID=TAL-60-3_SucheckaEtAl_EditionComparativeIntermedialeDeSeriesTraductives-final
2008-49_1_ID=TAL-2008-49-1-02-Langlais
2003-44_2_ID=articleId=4878
2012-53_3_ID=Juola-TAL53-3
2002-43_2_ID=2002-43_2-2
2011-52_1_ID=Enrichissement-de-lexiques
2017-58_3_ID=TAL_58_3_4
2009-50_1_ID=TAL-2009-50-1-07-Lafourcade
2002-43_1_ID=2002-43_1-2
2008-49_3_ID=TAL-2008-49-3-01-Adda
2007-48_3_ID=TAL-2007-48-3-02-Kervajan
2009-50_2_ID=TAL-2009-50-2-04-McGillivray
2011-52_3_ID=Un-grand-corpus-oral-disponible-le
2009-50_3_ID=TAL-2009-3-04-Ovrelid
2008-49_1_ID=TAL-2008-49-1-06-Popescu
2005-46_1_ID=articleId=8143
1999-40_2_ID=1999-40_2-3
2011-52_2_ID=2-Virpioja-TAL52-2-2011
2010-51_3_ID=Extraction-probabiliste-de-chaines
2004-45_1_ID=articleId=5243
2013-54_1_ID=Constant-TAL54-1-2
2010-51_1_ID=TAL-2010-51-1-3-Messiant
2013-54_1_ID=JeanLouis-TAL54-1-2
2017-58_1_ID=TAL_58_1_1
2003-44_2_ID=articleId=4876
2005-46_3_ID=articleId=9949
2004-45_1_ID=articleId=5241
2016-57_2_ID=TAL_57_2_1
2009-50_1_ID=TAL-2009-50-1-11-Prochasson
2007-48_2_ID=TAL-2007-48-2-04-Raynal
2012-53_3_ID=Flor-TAL53-3
2002-43_2_ID=2002-43_2-4
2016-57_1_ID=4-Grabar-TAL57-1
2018-59_3_ID=TAL59-3-Millour
2019-60_3_ID=TAL-60-3_Mpouli_ChroniqueDUnEchec-final
2015-56_1_ID=1._TAL_56-1_Trouilleux-final_pagine_
2015-56_3_ID=Recherche-d-information-semantique
2010-51_2_ID=3-Patry-Langlais-TAL51-2
2015-56_1_ID=3._TAL_56-1_Urieli-final_pagine_
2021-62_1_ID=TAL_62_1_1_Akermi
1999-40_2_ID=1999-40_2-1
2008-49_2_ID=TAL-2008-49-2-03-Widlocher
2013-54_1_ID=Schwab-TAL54-1-2
2016-57_3_ID=TAL_fr_OK_VR2
2010-51_1_ID=TAL-2010-51-1-4-Quarteroni
2016-57_3_ID=article-tap-didactique_21092017
2008-49_3_ID=TAL-2008-49-3-05-Boula
2005-46_3_ID=articleId=9948
2000-41_3_ID=2000-41_3-5
2007-48_1_ID=intro_lh_sc_pap
2006-47_3_ID=TAL-2006-47-3-05-LeRoux
2011-52_3_ID=La-ressource-Nomage-Confronter-les
2000-41_3_ID=2000-41_3-3
2022-63_1_ID=TAL_63_1_2
2013-54_1_ID=Adam-TAL54-1-2
2009-50_3_ID=TAL-2009-3-05-Yvon
2008-49_2_ID=TAL-2008-49-2-04-Saggion
2019-60_2_ID=un-corpus-arbor_C3_A9-pour-le-fran_C3_A7ais-le-french-treebank
2013-54_1_ID=Claveau-TAL54-1-2
2009-50_2_ID=TAL-2009-50-2-07-Barthelemy
2008-49_1_ID=TAL-2008-49-1-05-Guenot
2015-56_1_ID=2._TAL_56-1_Kahane-final_pagine_
1999-40_1_ID=1999-40_1-2
2013-54_2_ID=Hatmi-TAL54-2
2008-49_1_ID=TAL-2008-49-1-04-Bouchou
2011-52_1_ID=La-reduction-de-termes-complexes
2009-50_1_ID=TAL-2009-50-1-08-Jousse
2006-47_2_ID=TAL-2006-47-2-08-Danlos
2006-47_1_ID=TAL-2006-47-1-02-Jacques
2007-48_2_ID=TAL-2007-48-2-01-Antoine
2006-47_2_ID=TAL-2006-47-2-07-Mancini
2008-49_2_ID=TAL-2008-49-2-01-Heinecke
2006-47_2_ID=TAL-2006-47-2-02-Verberne
2002-43_1_ID=2002-43_1-4
2005-46_1_ID=articleId=8142
2006-47_3_ID=TAL-2006-47-3-03-Cerbah
2010-51_1_ID=TAL-2010-51-1-2-Laignelet
2020-61_2_ID=construction-d_E2_80_99un-corpus-parall_C3_A8le-_C3_A0-partir-de-corpus-comparables-pour-la-simplification-de
2003-44_2_ID=articleId=4874
2013-54_2_ID=Wang-TAL54-2
2003-44_2_ID=articleId=4871
2014-55_1_ID=TAL_55_1_4
1999-40_1_ID=1999-40_1-1
2005-46_3_ID=articleId=9950
1999-40_1_ID=1999-40_1-4
2015-56_2_ID=TAL_56_2_3
2007-48_3_ID=TAL-2007-48-3-01-Cuxac
2006-47_2_ID=TAL-2006-47-2-04-Jackiewicz
2011-52_1_ID=article594,594
2008-49_2_ID=TAL-2008-49-2-02-Chaumartin
2017-58_3_ID=TAL_58_3_3
2017-58_2_ID=TAL_58_2_0
2011-52_2_ID=3-Walther-TAL52-2-2011
2006-47_1_ID=TAL-2006-47-1-03-Stroppa
2014-55_2_ID=TAL_55_2_2
2004-45_1_ID=articleId=5242
2007-48_1_ID=TAL-2007-48-1-04-Ozdowska
2004-45_1_ID=articleId=5245
2014-55_2_ID=TAL_55_2_5
2006-47_1_ID=TAL-2006-47-1-07-Jacquey
2006-47_2_ID=TAL-2006-47-2-05-Pierard
2019-60_2_ID=introduction-6
2009-50_1_ID=TAL-2009-50-1-06-Desalle
2005-46_2_ID=articleId=9935
2016-57_1_ID=2-Danlos-TAL57-1
2016-57_2_ID=TAL_57_2_0
2009-50_1_ID=TAL-2009-50-1-02-Bouffier
2014-55_1_ID=TAL_55_1_2
2012-53_1_ID=Abacha-TAL53-1
2011-52_3_ID=article619,619
2014-55_3_ID=TAL_55_3_3
2012-53_2_ID=1-Marsic-TAL53-2
2012-53_1_ID=Bouamor-TAL53-1
2006-47_3_ID=TAL-2006-47-3-07-Bourigault
2018-59_3_ID=TAL59-3-Miletic
2005-46_1_ID=articleId=8146
2008-49_2_ID=TAL-2008-49-2-09-OHamon
2008-49_3_ID=TAL-2008-49-3-03-Beller
1999-40_2_ID=1999-40_2-2
2008-49_2_ID=TAL-2008-49-2-05-Hamon
2012-53_2_ID=5-Gaio-TAL53-2
2010-51_2_ID=2-Bernhard-TAL51-2
2016-57_2_ID=TAL_57_2_2
2005-46_3_ID=articleId=9947
2010-51_3_ID=Le-microblogage-pour-la
2013-54_2_ID=TAL_54_2_1
2006-47_1_ID=TAL-2006-47-1-06-Morin
2005-46_2_ID=articleId=9936
2000-41_3_ID=2000-41_3-4
2006-47_2_ID=TAL-2006-47-2-03-Prasad
2004-45_1_ID=articleId=5244
2007-48_3_ID=TAL-2007-48-3-06-Filhol
2011-52_2_ID=4-Celata-TAL52-2-2011
2011-52_3_ID=Une-interface-pour-l-exploitation
2009-50_2_ID=TAL-2009-50-2-06-Souvay
2006-47_2_ID=TAL-2006-47-2-09-Max
2010-51_3_ID=1-Poirier-TAL51-3
2005-46_1_ID=articleId=8145
2008-49_2_ID=TAL-2008-49-2-07-Loiseau
2006-47_2_ID=TAL-2006-47-2-06-Ferret
2011-52_3_ID=Corpus-de-la-parole-collecte
2009-50_2_ID=TAL-2009-50-2-02-Petrova
2019-60_3_ID=TAL-60-3_DailleEtAL_TranscriptionAutomatiqueEtSegmentationThematiqueDeLivresDHeuresManuscrits
2011-52_3_ID=La-ressource-ANNODIS-un-corpus
2010-51_2_ID=4-Crego-TAL51-2
2009-50_1_ID=TAL-2009-50-1-03-Bourdaillet
2000-41_3_ID=2000-41_3-2
2014-55_1_ID=TAL_55_1_5
2007-48_1_ID=TAL-2007-48-1-02-Blanchon
2009-50_3_ID=TAL-2009-3-02-Charnois
2009-50_1_ID=TAL-2009-50-1-04-Jaquet
2007-48_2_ID=TAL-2007-48-2-03-Wandmacher