A88C34BCF05BB65DF57CD0571F80D514D83154F5
67B2EC6E660A419B8A9B6C63B32230EB2144D81E
A1A4AF9268569B171F5AA7714FE77BA8C0DD60A5
D075C63DC71AE7CC74DB096150ECA9DFB9E98979
745B005C7CE8C61CA5ACF57C85E2CB250B33FCC7
9EC1F2B7D93DCA9FC67EBE7F90845236AAE042D2
F2ADAF6C6E963CF2205F75156BE47CFBD0BAC3B3
373640225995978992FD435123706B5538649EC8
0265E9D6B0BC8DBA28CE2A06590E58E7C97EF675
941C5115719629107BF170F10B6AFFDF8703A2DE
64AF2B6C9ED8D7B0057C5D5473505F10E6A8F864
4B33CC40E0D663664CB98CD3DECDFD6D9042DE7B
67C14385D42960216B949EBC296478175E50F580
4BAF61B8D65B76F04487BDE0CD43859DE5742911
1C8B03D24C10CB61949F8C01F3E274370D080FA0
FBB7D4AC3786180AD0ED16C8E30BCD1F317F5731
6E34DA3097DA46F0E0A4846871DE6B30D9AEB35F
984D3C62CAFB12373CE2FF869FE6866AD45593A5
FB9A3C2490E87F537F0C4CFA7BFD027B2DC8E56C
49A3472AE76B727940302B5714BBFA35F2E26D80
333E6050BF6A6FC0E9C5D2873EEF3903C9E2D73C
5A8AE360677AE43053E4292DB22710065567E77A
B20B12D841AAD7E5954B8B741E3A70F9B05FCD19
B26E250D46653340B6DE73466E5B63A81814BD1C
9222A6D719040C1600208896DD329A5D8F15AF8A
41D688F2267F10E72D5CD3C429DFB73ED33DC9E8
6079DF4A81A035C2F3F40BEB8C0CE6ED1EBBEDF6
52D6C91698479F8DAA9E589F1916F19B58BFF8EB
CAE54557B1E2A86DBC15F82226FAFBB4CA82CD41
0AA9AF43E15DAD817612A1DA7C8CA7DD3F076B65
3AEC827E4CE8B489880792944A4FE744AF12CFE0
685A2BAF8BCB5031F24757D3F6CBCDC84132B935
B095CB44A57654C10B2812D00234DCB9739B7076
46A05E776D5809C756E0255684D8646CFA60CDFE
88ACB075DF4CE636FD85429403B3A77807F75F75
F3B69E62A410C315E472963AC370BCFF009D4B0B
09510F5BD182BCA8A80604E2BB8E44E92380EC61
50A763BECDA37D000BBCBD4EEE4131B1518FBBA4
8DEED8BA5B3346C714B17EC1B7BE98F414756A96
194153FE5A5D106E9F9429FE24656AD893E04835
B0ABE592785DE73BBE5170BE87E536FC8DE1977B
DAAA17B74AB5877008273DAC4886FF6B5E0A30CF
7D7519CA5916FCBEB7A4F7718C4788241D47DDBC
5DCFD988E039FAAFD60D52B33DD10A61BE33C7A6
5FE5E0869351D55F163229CEA22CCA09241BA0D8
DB4B5E097D47A9BF4ADDBFB9CD01799359476BC2
A65388F69A313012B9517D6241E933C0E69B832F
AB5A68A3B542CD9B89E97EAFF10C1EF8005E58C0
B010F68036BD0498E4B727A27F6E768874C7C798
03AFE6515AC5E0B33E986AADFEAF248B4008F313
A53764D3A82BEF0325E5B74D8EE7EDE1C91E4F6E
ACB7DFEE879EDB7938BAC024534A629E7B1E2CDA
E1AFB26F9811FA105F4574BD059BF7535924A07A
5841F339C2A124EAFB0CB6F52351AD122C7CB8EC
485BDDD250585DE028767C6251F7C12AE7FE0E65
19DC297F4E2136903FFEF0A7F66372127BFA8099
313739103B1883851EF7219FF62166182862B188
B33F1EFE970FD61E660CFE375E6351A32731104C
6AB5E8C652B576C7EEF2C5C9091D7F6DD4D79F4E
5AB3544D680B80222FD01E954161AA581A339D02
1A18AC29A992F59C439A0272E5D8723215806AA6
3884B7C36F5A3EBB5FDEA8E4D5B955B38C7C11E3
0ACF45EA83C51E697E5BA2AD4F16E9666CFD84BB
C627E330B0208C4E6B76FFC3F0F7E88F84AE50DF
2BA04D122805C70C70083F8323238C0F6F6B6A62
0DA2F92083E1FA58601364E6E5A56923E4930495
876F185FA05E09A5591D080659E25EDB5F8435B0
3BD7FEC1FC3F44ACA4E3CC3D46E76D26DA7F2952
EA8BD990B7B2D502937EC313E418D82343680BC7
1E96E95002C465A3EE57CB0E226089753D34B328
3F1D4221FA6A6C69CC95BEF94E820B5F5DE1EEFD
A9D325856869EC8B61351AFD574C43ED25CD8D21
59D6FDE83B2253D70152E6C9D6F3F141DDD05D39
851E3441371EFD66BE63198AA8D33DA388347025
0192599E115B575DF3DF961D5EFC71E16662DA22
4A1FB21C0DF6F545A885C1BA99F5981FFEE8ECFA
EE389274C1A8DF3780ED2B1547C7B97DBC23135D
BA60B3E762D096F4C2637819F1E39878416F4413
C578AD16354F0CB9CFE7A1888761025859579432
87D22DA3BE4489F3042585253DD8A48E2CE8F21C
8CC47351825A02078861EE487B62F95003F8E27C
FEDB9EF3E48E5B545BAC9C037EA8EE72D1D69B61
B175B63E445836E199E2950317160493086AFAB4
16DEDFAE50404FA2A79BA040E5C58B478786AE23
76146FEAC653664234A95871BECD0339D545D310
85C0F9E139CAFD499FF4FE1B36B4CC783F6FB5ED
FB7C76191D7BD0E958785ECC329EAF8DEE2D62A1
B84BF060C6D97215381DD1487202D3FC6999BEB4
2782DECC1C5C18FD9E1C7CE4AC46BC125EA5B187
18989FF988AD1541A71E94D1EAB32AFF410FB7AB
F9821999DFF8FB49A30A0E998FC4662B1082DD28
777E89250C345FF053DF7ABF8F9D2A665FFC4A66
38A586F39CFCCB2343E5B1E723D13D6EFB13E2C5
CCE2EFCBB7FFA2F86BEFE254A6ADAB8F4C3E2311
4CAC1781999AA079E6E6477D686A21EAE12CFCAE
42FD2B778A9B4407A2F80C337B7695C972CA9763
603FC422F91407F031EFBE6477CAF4E9AD4BADA1
BDB10978E6D58B4F5362DB23283A31F0AA9561CC
0A111DB6E6E184B38918267BB40E5770BC514712
A156B8F62286B1F9AECD520CDB0A39C1C26B49E5
D98B4E140C43637980BE2865597A05DF0C91881E
27F55040BC33964D2C88893E49C289B18B16BCB4
3103F4FDEE20F80F65E753AB12C2E03E4C6CD6F6
8EF027F863A409C0C31495831A775DEB9F20B182
6ECBE9D761D50F780BC94F23FD93137309E99F5E
0E7A354BC7A20B96D7DBB7332E484BF3CA11B817
C3808EAF0AD75A77A7D45D38AE8AF5DF40FAF269
4D9DDCA24DB15F542BE48D1122A1649D4649EA3D
48EC35231EAE11C6AA6E37BD9C8245D46DFE7C11
82280A2F669D2A97277F62DA1179534106B0A2E6
8AE6C3952244E39CFE9E5E0863C30D8F1D976CA1
7C530C52881996BA54BB38CEF2B5070C5F80DDB9
2AC9086E6CF10165D3082A37A467C8C48E326000
15BFA3AA49D1ADC288A3E871DE968A4F4C027BFF
B4EA5C98A797394C80D114D4BD9D1F12E3920CD4
1D9896A2C39F81DDCF98504EC7C053F0D5EBD1FE
05566D9AAA6B8F04F71A2EDC9E2D2CEE694B5C2E
689E3BE79D7FE22334BA4966CC55DF890EBE2CE3
1B73CFC487A670F1242D4037BC682E93E6126369
00821688922B22FC645E397C106F9DF72F8DBA07
14C0B7A873CAEB2D2DB7D862388F2B764EEBB27A
E73E8E561705A181229766F428E7B9E6D0A95473
9079A5FB9CBC6F42F7F3AB98DA2F0967D5BFE610
4180FD7B47BA6CFF60BDCE305E64FE33FB8CACA0
B1EECCE9E931E60DEB212D6F641925ED256AD1C8
F46858FA6FEF746E8C1B9D5D6F69B814DD7891F7
D102FB8748D3265D77A202FF468C5F6A2C1D4D55
6EAC528CE7EAEAC1E28C3ADBE3C73499EB28947B
983EFCB0AFC69441FE798811024BC99596D96E63
CA4971CF25A047ACDF590F36EAA1004476676AD5
FD7ED2077EBBB4F13D2922E67973DBF5E4BF3950
B1185D057A1440FACB5FEF6C95604968C3AA1156
CC9C7D4840014A903E96D76DDC92A7C97C93354A
0AD49BAF877E4B0D6BCA3042D0894E61FEB6B071
A05658FF1D511F7A00F2E1F17563CFFF81EAA5B7
BCCCDDF24DECC5FA02002180627D358813998C19
EEC7BEC39C30E248E3F1CB6C672727CA35F39CFC
C44C7FEA3ED9F23838580486532BCEA0761F11A6
F20F96611CBF14974D52EA7A5D295428871D8404
4421E690C7192C686D57F4FF54226DE74D5CC2FB
A61367B6F8215A8E594233CB116DCF07513E2E61
EBDEBC02F9010179DC93C8776DBBE5C0C39868AE
B9526FFC67B9C59CC4B501EEFEBC5E44022228E4
CFC905CFB08D06BB65D5271DC23A0809BD594025
2B2E9F3E92E75152B7F934971BC357553338122A
FE065EFEBB6F284D2A467B6CA01C124D5668699E
8C0CBFA69488105290D654733FFACCA5137DD1BE
4A0FF6136207EA5F02DD0C4220B6746F2EECB2F8
43B7A52664AB61C3C8E0EA2ED92AA47F11567E14
0A5BD91B659ABEED7B60552575A270D1B1F62B9C
314279F875EC05A5C1FF5A9249EB5CDF16BC79F6
52BAAFAB6BB5B7849425E86B1159EC3D4BE12CEA
66E7D9DF4E8480EA5AF89298CB860F3BC4E28E13
B5AB85FD15C6D563FD52069E07B22B3D6D6FA6E2
C359E23D417910ADFECD24742B2033E26587344A
AB0CA1B06885AA6119E92A58432B70F268D2773A
97325E23A2A288CCC3BBE4A573375A3DEDB18A31
BFC2FECB8C3AE9250D644B70ACED5085534F2E5F
FB4E9D485012B78DA9576EE3A9C0567CA01CEA6E
B8E50621B05795A2EEFED6C2369FC5CB5102938E
A5BF8E71F240BCEB293EA35707C94306029B5DFA
928BA72B281CCDBCB7AA0820164A10326068407E
30291ADB89BD5BDB7CC7EE936B7C043CFF27566E
6F9BF78FD8B5BBA0A75FF2BF12071ADA483EB1BA
B508FFE327DDA9F153194E00503F54430B1C8510
D1DA88387DA7BD278D18E1D578C55E17BC2779EC
050FEB10799A9A6E4C845E15AD46542346B16966
7935BCC13D3049061D19A6C34A03DD5319616338
B4B4AC393D269529232AE6862BA67E968DAFFC68
05F55968BA102CD8D6829C02EB09508E1002A4F2
7E8EEB531845C4EE1639F3B05B7DD98D2C3B4D1E
25EE19FAA7981B56C5FB6123B2B1D08D6EF0D2F4
FF60C81EE53C4D54FEFB8D922C14DECCB2080A4C
D8A7D224526F7971512D9B4786A924F12BBB567F
D25873438181C3E82DFEA8625D8959EA79730F5C
8BB8DA22073DDB1E05350C6A8E4F5D4AB1FF3F6C
0F4A6315C3D17A21D0F58B5F766A55997C09724D
B0A7AF5DE3CEA71202FE8FD1EAA257DDE70D33DD
009D9818BFC50E542E15332E4B1710A3E19A8624
604AA52EFF99EE507BDBA557491CA9571E340CF4
38DE12EAC8A982C711DDCA549C95A132092C7B43
2149A87979DBD10F05714A62A7429AE64669C69A
C64AF4097210ECA86D8F406501C8D285CD158AE7
50DFF07D40F62E33C8EA82EC98EBDD0CE8ED54C7
D85A474EFB2AFB53AFFF380C74B75B2C6BF3225B
16B3A52834B3F240D9AF62FAAA78B00E5DACD7A6
EF47B23E94B4DCFCABF565E822627F0A6D9CAFD6
8FA8D70C9A68BC5A351E4A2F29B2F72A0DAEA35D
25F2D73CF725C5102FAB5A3919E320300B175067
69A2EBBBA35BFAE85FCD40DF83C022B98AFCF2EE
C1BD1BAB5821217AFCFDDBACFD06B07B8F2E67ED
AD1E0529696630771F6C468367391070B7680F1C
D3BB0ADA38F10B8EC64466BB0A6E41A3FE056267
DF76CB25B279622E56E34B1368F0C7CE97AEEE72
01343BE4BBB688EDD9100B29297F3FE9386B4D51
9CF56A9EF70D6BBAEF08C93AE92612E76EF1DFE6
4DED1DEECABD1E410407A7C5BA10351EBFFCBD50
0459C020EB98E20C9E5B19E2BDA97FD69D153C47
FEB76081E167168BC7A60604932F4B6C7B89546B
EED1330DA2FAD168E360E6B7547F7F8C513A8D32
9B02394DA56433954B030B693F165C2FBB7E9998
82940894EFC9170C9E9C825AD28796B4DB3E2B78
9819C4843CC7A829817E10721F7669ABD83E040E
AEBB675CA086B2B4062D524266F8E98B76A95DAF
330B2725D07CF3E56213D55E74B3A55E449AB88B
BCDDA377FACDAB34E007597F53D12C440707258C
EE65D160BCBF0E3591D8DF7B2B8F31C89309E73B
B39510BBEBF1B887490F0C130AA68B547B64E6D2
B532704C0CA32953CCE7E95121539E218E8A4B0C
43B8381BFC443D9D98BE0E6A2269F470AC1B1E6D
C3F85CD0359C57F1E702191C7567C927AFB190DB
51DE736E5088F4C9A8EB1F9A7B811CB3DD4DBB42
0B8818FA611C1E031E582EC61A61D94733DE0FED
84E832C32FE1371C2B723E0C0D4871BCE69B3D75
8CC66AB9A284F4580734D2125DB97F7486F05536
A6D1F44EDF22B2FC22433079778E3C098C0B52B2
1F1521589757400CCA6FCC7430A010A64D873294
307D667B6BE7BFAC7E2C9967A084E9C0F29E4264
CBD6210970C2B257491EFB035FD93708E819E25C
7F3ABAE5BE0ACE7F4FBE0684BCBF27013A0C4FA2
34CC13A5899E01D96EC6A6888D8FD62D75C052F5
995CCC6F3800F53EDDC942B131D4059229384961
A4657FDD9C7629B318047C8195D0B77A58C707F7
7D8B26460BDF7B52F9749FCC415CD14CF3C5ADA6
E053AE86790818DD4A97759BAA9F5754CE092BAC
9D16E410CFBB2D40B9848D56F220FA0D6E2140D3
F47497D5C884A297FE55BDC8D8938E72BDC2C04C
4878FB1657D659456B3073F164F2FD6162EABD42
7774D85120FAEAD6EC87B3303D54D6122E9C08D0
B906C547A791D161ACB0E95D48606522C9465B3F
2530AD751EC55C23554F861CD81B8A9205A77CBB
47ACC644734403E2ACC21AD8B1402A0E38A9C28C
758F7542F4363807731535B6A033AC682BD5F66E
707AB85B3578A3497BDB4D9FDA9BC070E788D850
793BCEF6328B971EDA34142835821D7182D9EFAC
0BE9C99019314973B79E7C866F367D33496088FB
66AAEEC98B6D4ECEB9AA34AFF03FAE37D5163926
C3529DC45800C89D361534D4C96F8B2DC9DF7DE3
9405C8631001B057FD29FD29ABCB84780AD7F9F5
0F66F316C13199733B31286713F5F3F35E35CF54
7192ADBF7CA5D38BA3D1B68692CF1CF81E0A1547
BD445581960A3536B37159AF4CBB0EF5DF50A4F8
FA1C1E5B6FC149581E6A3C576CFA5C488F994B94
2C34447D033CA225FA82C75AEA12818703BA6353
F956041FE72E7103E8F8A0A37C3AB51D72A124D9
AA1778A1A9C1D035C3DFCA46BFDA77020DDB28A1
DEFBCE9309B8B0D5302D20DD8F3BE1A4A38921B1
FF01D14604453307B3CB83413167B9C63C375254
0F861777FEAD6B0E6A2890064B1A6C25451BEB5D
59BB9068306337FE7B916EEDD2CBBB5706CC8315
9EBDE1FDA3D35E2FEC0F2E1731AC2C9063E7318F
B6E1B0D3569D8E4794A2BE018FB2DCB67FFB836D
D020E757FD8F0A1A1D46BA2A692D90F8C5CA0A89
69F464843F8BB122F674E0C7CF67EFAFF951C68D
21EB3172F9FE906D4E861696284AB3A662EC64F1
7EEFE369018421A8F1200409ADAB1E65207AFD43
DFD4FEBC11C4B5521298880455D1FEEF348B3511
DE856AA6B6027456640226159098F294E90A972C
511D8773BB36D71DE22B807C31BEA3A370CD022C
DB6058833D0A7192D9A40331F4AEE5F81F4ADA5A
8137B459BE0648A20E6DC050AE10573889785E16
CE7D84C691D9CD71E3BD6A814765B4F942316DAC
0961E05D6C703537E18DFC8A157D26F0CFACFAF7
442679892D0DD3FEBABB7F5270C961AA6023A120
7AFDEAEA57CB2C1545D115528D9F0AB78F8E127F
0175BEE277C3AEE233A70F50E734C0D64011C659
69C62E5AE324B20A08D9E692D7E4868A7920277F
63AC7D234E87E5AF3011E05CD56A8B2B15AB6E06
750BFA7C14837F17409742B81E8213AC7CB62AF7
D8A521C6B5BC8CC4B15AC2C57CC945E6BFA71A49
ED099D60415408AB43E5D5149C8DE06A399A4D91
F60F5908C482DFAE2E8558C787354934AD1D9737
44D511E7CDB40E3FAB8D827EEC7D2CABA6230020
945888E7F2C7E541EFAADFB51283DBFB78E2F297
E8685C2EA34C4D491D382C53ADC8B09752454036
B456C0CBFBCD1310F2552E1762F107C37630C9FD
A3A846620186F31487B1872DD2439D1D7B19FEFF
2482A76BB3FF3A80535A6C6111E240B70986ACC3
FC7A443E176B7A74A20CC2123094B9565FD30A4E
EEFC5D9058C0A55BE1A0BA16929606252E123A76
0D7817B274A61FECB322CA5C645FF60B11935E08
2B3DC4BFE475F4D34FD33E0E9787982D01D6D4B2
F20DA7971D08AC56EF35760C7D98760E926C1BB3
0EDB5C6F3DAB9861C287F9398719F66CC6F208A9
8A0A8608D49625B46A0A574066306A07CE373F43
2D568B411C3175FE79C24FDD1F65118A8EB2D367
61CD59228714D87A80AC9F799D5D65634C79BF2A
3492F80DA9F54759A664C60051CAEFED5ECC0086
8655F39F3E467F0FB3CD7B6C3220AEC1C357BE23
75FAB612546F0065D8A77E1338294CCF38A720F5
795BE14575DD106A3AA3DEDF22E63FA44A4D8AE5
38FDDFBE22CB798F720EA85C649F8C4C2D639E27
44F545DC53E8BDD8F13BEFFE851EAF949F63C48F
A72E7AB7F72EEC058D211FF8A954F321C8551F62
05CD8330F5C9237E9E8C30270DFC22D3C892DB05
E37415A5843B225AE517BF0EB6D9409CFDC6E367
EA66A5D01FC2D34F446AE2C16D720D411F0851D0
B701FC7A2CCF53032F9CD5A34A748B23E3A75DA4
8C3B71B4CA438CAAA72D471B409AC4746918CB67
46CECACC7575DF91E0846230A4E3FE3E7A862658
C7816C9C06D0772ED4C4C01ABD837E0BD17607C1
C6D8BD8A9186DD1DD02158D30E2AB2414B172CD7
43724B4A047CE2814E495DAD33BFCBF4981F97D5
877548157814D32101952DDA06FF006F86263227
A114CD2BE8269D51649715A67CF1CCBD162B7AB2
07EAE1C3712310F87B2480965A048BBC9F4F022A
5D4066301E7C945D73C72BAB0D4DA6B0E32DC7B0
937BDEB80EF087FA4AC936CA6168D519B4104278
A335A0EE899669DCD7C62DE9DA555FE937669527
7F0B8D9B4E11BC81B786B71A4BAA2B321CFB1588
D032B100DDEC4438BC97656A9625327670ED7619
9C31FB37AB48D340929AA40EDEB29760922D3A8D
4A6E5D52BCDF48CAF7F2011DBAE5D87F27F1CC58
66122445677CCB1331907B71F5129F9A1CC182E1
5134D089049CB0E99B20D6047AD09F0BFCE8D873
48AB20E0A0EF67CDBE62A11567E6E8E490DF0864
5AA5F897A9AC4C537285D15D6F5192E61070FE23
706D7069810FDFB3F9172B84C36059511F2B13A0
F9BFAEDBBAF68245484AEEF16CCC863A1EC44CC1
525CE637F26A27B18A5FDDD7A46ED6F07AA1A365
276D34B8C5F78E1F0E8D1DAEBF771349D681A2CB
7866CF1676E4CE4336E4C0987BA436E5FE8F9A00
A7FF277C115AC3AFC5D9400FA9155DCA5B10FAD0
A7071574A19CE737C4C25941DD4AD2842B571D16
AD771496A1EAF7A9ABFDB4357AE9DEF09A09EAAD
F46CFFF199545C8FCC20C9A9D7925FE9F9AEA5C4
200D9C25BF3F0708055BB1394A3E75CE478677EE
190DB15595CE76055F8BDD6058FFFE96D0D47254
62FC4DFB9B356EFF3FC4E6861F341899DB67AC18
9A5C0A119E0D2AEAA857D730E801A84561749B60
9D7CC376BB86766215A50A5C1B621E7AF15D345D
9AFA5DA8B537074D4FE4F8E697B03DA404E753F1
704FEAAEB23C67B50374FB5C90BDBD2FDAC2C217
707AB85B3578A3497BDB4D9FDA9BC070E788D850
A024D6351EFF805B408EDCA0BEC5E6BE7668EDCE
52AD49DCD25D4262819465FADE1C18323F7A25BA
5B2C0B092D7B3B10857D874523C20067CAD45AD5
519623AE107A0F842F8331FCD2C11E42D36D23A1
18D1B712873C0A95CDF8C6E1C41DE239D0E8A33F
23F742879C0C60EBF818DCD12BA71655AA758E42
02B2C470F2AC9ECE56091E3474181230B5655BD8
34F5ADCB411832AE0FAA6E944A3CA5B227F1DB42
48AE97BAA8E58AA36ACA01E9F85058B3E3FD8D53
BFEE5CDDE0594D84C605E202C643B50A9B30FF06
2511A30C5E2A473CC129E5BB2462710BDB9D1E4E
E0CA56402CE1701629F6F189CBE680AAE9AD7CDA
63B6886CF3C1092B939ADFB880522FCD7375F471
861E6ACE0DED14307D461981E22A2627D854930D
3BF7F051763B7EC4D27F77901D4D11BD55BFB5DF
9C6F7A231FE661A06E05AAC968A15AA20E422F6A
21107E3658F613302E7F635DE18FF3ABA903A3A3
67139CEA992B4FE480FDBCEE400AB5FE374DED1E
8A0C5B7C09CCF583397BB834717DD746AA28297F
45C8ED0D14377C4CFF7F2F9073C8E1B15A570116
F9C72982127277ADB7EA49E0961607588449F862
E710B410CAB70BD0EE280A34DDD1A522DD144335
D1FDD1661844DCDCFD854AF7F43F1B1E6F603B0E
ABC50BE7611D725993950D94F4E64BAF7C32D526
B8E50621B05795A2EEFED6C2369FC5CB5102938E
B09178A599E063BE30CE36C72D9AD8576B2EBFE1
BD8DAB61153E92DC139FE6D43CDD5D9B4C7662C6
BFF578C02CF42CA12C63E4C7316AB1857FE31203
F4528448FC7EB5473B8EB309CB80D925730C6D5F
158898F5625C60BEAD1070BE43126FAB9D96495E
A610FD0EA19543F7D05CE6169E938AFFC770EF99
D93172C93484347FCCBA7743548E4B894CA9CFC7
FB30A66E67E21C3EF419784A149176F785123E48
7CC4F50B4BB5A1385672B948EE1936C1F792F485
3D00CEAB4E56332927A831A1776F1F491AAF3D79
F0B30FB88CCD101680758D9B9F54357F80738E0D
F0B03AC18F14527A77C8FED53623AC560AD6D235
0DD14D1494528829B699898E86C0908EBF0306F3
EBD1619C369FD21FA277A45671B0613D614D6CB4
878F8BDEF513ECF7EEA9E31A4E134F67D68317AE
EE0E93A4A20665FFDF4EF2E2726EBFF7720EE9BC
27589CCCC9DA88B29BCA5D8F080C5EF4C40F6125
BAAC3791BF4C7ACB1BCCC9D39932784B5032F0A3
4EBB38584F774F8B3E099E6E1B8B1C086A0ACAF3
136AE9B8EEB83A27D0B33975CE7B4EAC974D33EB
51847D0C0790B8A12CA34EFD5E1EF71401DF81EE
FE117719A757E82BE82B68C0DAAE6AFE89525C76
1A55A6BD9823285759EBB72A728505A08A8E1F3B
93E023D21B6271F496A12F9F79DCB2A5CB100978
EA364CF64304AE0D26EBCE6B757322FDAA928AA0
3C69E10F35722B24C894DFD3548490FEF28042C8
B27C497629DD148CB8ACAE93EBCA5C30A8FED47F
78244FE5ABC191E6D3B1870F0E6531D17A610B8D
47C3C40E635ECEB0E1CC4F2DBF9757D5F062CBAF
0D90FCDB87C1D29E6E7B4E50456D96599B98C32C
33445ADA9DFD808D720FEFC9A08B760B11E6D211
A1AB6F96E8C72C5E343037D623A8D4B1B1DE6061
60F2AABD54767120FCD088760A53AEDC08735B46
74D46C30FFA65B0FBB2435DFB18EC0EFADDB8B81
CBD86A9A1D1DE6277F9F910CA7A76998610477DD
C6A5EA4CE38585972888E31387265A545A95CB05
A825F9993C5D3FDD6E05311C28E8418885D718CA
A12B7B17C24EABA0319CA0B1E32682B2C710E889
A2A1CF50BE3A8E64190E1C4404DD0C55E3F6E104
1D5ABF04EC188464B4A411F231C6080EFAF27037
D9FD8775C2D065B25944CDF50DDD0939DAFA9B54
F217F6E9702189893625317BE1612FB88C5678C6
9E3F9E6F20CA580D592BAE8E6E20ED6F4FF2F4CD
3E0CA3796B564544A4C1DB705CCF12395B20EF64
0323075C151A1D514E9E612E5672B2D13509A12D
92D03B9654C45174ED0BD99954CB5EECD5211982
69C97DC7CAF411C4D0AC4A0B2901E95060F7FFFA
4A4491DC18ACCFC4EA45EEB6143466CA166EBE8C
7208CC607476C6497944198F37367148043E6ECA
DE1C22115B1CA800BB1A223A90157163F530EB03
0495A99192E69EEAF70D61132CB8793E689A3D2A
231BF400690E2AAF6FC019820FCAC41923D4054C
986F94723BF1B4472757A9E139E0CE31EE471118
8AF04A158773F36891C9434758C6335102245194
0930A323647EE54FB87CB157775D454BD010080D
14593A1610DA91026A789C2B97BC4EC20C7F5DD6
CB7C1F333E418AC57040EAEDD6A11B40AD838BE4
F57D96C0F9F6A4D530551900526174ED8C3F67DB
295C05A0A9382D17D4FE3599CAF3D1B5D4906D80
49133E6B3F65D54ADA87E3859A31817224DDC3EF
7EC28ABBDDF4677A6FCB8E719C033FCBED43C77D
6502B6908F2A23100F3C07130A10B56622FE6786
9484EEBBAD6052D5297E3FC18FC76A0A281FABF0
DF91639CB34109577BC66BDD818CE1BF0214C13F
B55E610EA3494B204AC04ABC4434CA1179BD87EF
19A2C853EA8C3D4AD0EDEEB5130336F0EF2B83A4
D3A08281D883D6A1729C16B2DE04D909F7AFEFD1
202C15DE0868E7E5838E8245934064BD24BC360D
B0A0EAAF2E463656C12F5BCF1CB575506B6DA035
1C887A0305E0244A30A617967A5D8EDEFB47E44E
D9C683F81C36DB4DD5505C1C2EB2B33EC995FA90
89E367FA6D2C450B6976349527C30597D6A00105
D844A3115ACAF4BD497E26928DFE6EC34A136A18
70759075E651E66951252C3FB1DE7FED2BE2747A
62A74B4925B24E61F9BEE046CA23A02514CA22BA
458FFB16957E76A60B87D2D7BFCA34B27E8894AD
4D94526C67A8BDFD38F583EF314A170DCA490650
76979987D6B9F8560B4EE1124A8C5026A60570E2
3C3AC8A088EB69397294F7D74C8CADC682CB4376
21BF84235C67F7993E077BEBA060AE0249B09F3E
5E5C32F790E2FB1B05FAF7CCF6A7326CE551E09F
2FDBD1E9D5C47314E4C0DE1AFF54D551AB00DDF0
4CCD988824C49D0FA9F49EAB9E6F4405BC93FCA9
24CCBED04C46282C5EE64CB0DA16DE46812C95B4
C85D8036F799A544F1E9D53FF7052E3637ED5291
BACA5C840379E28F3AF472CA336084252B283BDB
1855AA7B74EA6A1FB6546FF2AF64EEFBC1231D48
644FDED382BC3012D326EF7068C5D98E960AF47B
677060C23F518D6DEEF7099475E102391DC80D2F
80DE1087A8E56B69D9354FF015188425613D9622
4FF0ED53BA40ECFD9111B39CFC8751996A216405
AB8448925BAFB6A7E3FF0DCBE8D932EBEAACB473
4CF589036CF4E62862F192B14E10DA355ED9220F
A46E8814C650D7BF5866E0BD9D100F05909A37B1
189A513C27B95458E6B50027DCCC08405D298B1E
FFFF072DCF6E97ED78AD9FCD8686A09F85094042
299FF7A002C8FF8C73BF6220CAA3585958585070
58496CAF45EE92AC6329D0241BBA71FC14941851
7BC9B5B905C96612EAD80E92E831CFBFBC7B2E0A
5AE9758FB450A76F8EC2B0DEA437CEC603F1A1BB
E281CDA165BD64568D2A5454B99362E8BAB9DD12
4322BE168FFB79E0430BCC8F86549B1BFF6C0C91
402A47D56DDACF98027EF2FA9F3F20A4336B6C76
E3A1F6F57F5723B82A9E29A67B1A1E9279AB0466
83ECBDAD02038CEDC35C7CCBE1D1E05AA3DEF8FE
99A27410CB6E83690959BA9D9A48818921E97CAC
9516F75DC329F817173F2046DA33EFA1DB071BCA
A83F8BD365E761BA0A14F195E594CD82C9C72497
8B94E93D581C8AAC6DB4E48ACDC0F9C5BA58D5AF
228B0820A360B43AB915DAF17DA3735F02560782
08E7A6C138F3943174697C95B23A0DF6CE9CBFFF
290E515A5E055AC86C6529C66665989C5DF60DF9
B909C08C9FFB6C9B4E704373A63555325EDCF404
3ECB1F4C65CE2CC123DC0936816F96711921C5EB
9C9A555AA9A73E4366AB25A731AF3B177CA67DCD
DF3154DEEDBB60CF5F1AA67694F81E02F4BC8F62
EB1F272DA722F189446E34087BA5D8001A439A4D
D61B134BD60238CB4FEE24DD4FD7DD9C97152570
CD5CCE103B69CA988B1CA65401CFAE5E7E58EC1E
5A414896AD1B194E9BA2593A841D2DC5AB66CDD6
2CBFF098D3AABFE2C20B3DD8959110C92BB30B7D
5C874FD9F2D781D92058BC05249C5F425D7C32F9
1099CD2B265EA39E967A6D8DB4F4ECDF2A155D13
C1BD4C30177426A2C83F5314C98984BAEF4A6E3D
342CB9F77392F1D5A8C9209AB5653F50A9B668D0
70FC72DF6A9D189C6405C1B38F2AC0F3BD523B00
703E94697915C092EB4449CE29CAFFDF383BBF13
639388343CC3FA0CFE3476389E62113AF5A0EA43
AE8D80B3EDFB878D88499F55FCB1EE90C8D2B037
FE6EBFF6036DCC250EB4C1B3B949070B53F5533C
7E76054730B8C83273992575EF081B1B133F71F4
527A1919B87580E1C04ADB752E72FCB2B2EB62DA
C6DAA9C00A1830A5EBCA7005133F09A752D874A2
7B76F2F393B31B203473FE09EAE2DC19E5365877
F9BA664C1416C52E9EA1822FFA59FE45BF5329E3
234EE9930E730C16C6E70887EF482CEC487BFB58
51CE9508D3F20C70B3F751C249A17B3FFF8A88EE
DECFAA7841A59A953ACF65BD65716FD9352C25CB
E788C978708920600D66CC6E0ABD7BD7786B5474
1246F8179F24DC9CB3E26AB381279DDD9D4B6B71
82B239C85CC492F6DCC4F66FD3E287CB79252B86
08047A242DCB97B6EC77A71C408E07B31FADF5F3
FFE47D4C9FE10277BB54ED3EA8FA9076463B0E9F
4EBD9A9E6562A91FCDB63BEB71ED5AD57365940D
F178C3188666073D37520DF4E4E592DE368BD3EB
EC7DB2E6E290DC497736E192E81A1F7B25B24CFD
98DA9DBCD0B05D641193EE6C4ED3CB573169727E
F54E1B5C60D15C526BBB7ECDEE2A1BAE0CC3A623
C208F5E5F07EBD5AC8E8157D0396DA6E3D7E5D2A
FD8901CAEFBD09E822C2420674AE0A698AE7F261
BDB2EAE477A57399E4E19A18CEFA34143A80B079
31C225693701D56E0CC7224D9AFCB5D4BD68CDA6
23F504833D64C8342C608706171F42A28BA9AE0C
9ED7BA97B6990FA2195BD988F1902B4DE3C2C681
F853E9AF0BA3DE1D5CE3C1900520F09B1D4E41C9
18F7FC3477D9A7A2F67CAFE32FFB3FC3EA854553
2E53BEEC6C0B8850BD54F853DCD07CC6C1160016
BBDAB2C51AF60ED046B4A2FEC295D56E26C277C7
5307F82F9451C43E2A7E2B18F29107F045EE2E31
F63B60BD93BED600C2408736A975B06E11926FF7
F9C07092FCFE459414B247CBD77CC197D75A4EE3
97A30614BAA7DF8EA973DD8AEC3B5150F4DA6BD1
0D6136C20FF38F2BEA6D93E09C4E42249E2854B9
C486E13624D0129C6A2DFE557A963CA7ABB5AE0F
E88E1E3589BA167743FC4B1D75EED22940E8D8BB
C8A8F38B471C2405FE6155E9467D537E9F757836
6C261CDD9584B642817722894AFFFDA2EA3F6F27
A6FBAAC433C968EEE137084BCEB7A26199707FDB
6575FB1FA1D889BC464A55F694575FEE67842528
B888522E54A2DF7968361C01C5529540137CC3FD
D6FFF300809CF44BBF4939111E04869881EAD43A
A7EA2DCD8E510174DA5A1EFA8FEAE1EC0CFE96B3
3B87FDB5CE857A6FB686AD30F9F9BA8DF35F0FBC
FC5CF10241726706923498DDBB9451C8F925085B
2DA5694C82EC7236FA7F4BBC7EA079FD81354D56
31DAC1FD076F49F410CC2D67A67C88AD56444DF7
94FB2BCDD721B373CC88A11F01D473834FEAFBB7
5BFB4BF1CD268D0E884F2F2B1C14937545508BBD
48608161302FCE7389EE92952A54C0DD2365916D
86FCC8246EA72C933A3D4BA70417B3E31FDA0C94
87966C9B6C61AC2215D6E8EC896708D0B4DE07E8
58BC8FBE01714F686936366D61E43D5B39ACC915
70E295BB4186D1220B9CA096D1346996EDD34F99
DF685A93C76915F3D5DD98E0D9DA2984E35C59E8
A2037BA726D90CE1A2488E10D1F66AABBDCA25B6
564C2F7B84762A52B83E5A7F4FBA246499459328
FE0A65C545AD1E3641CE88D63D28E610DE41A9FA
EF5423881B2B9CCBB2DF9D356819B7204312C82F
1C979952D7A1735E28AE6A6190774D770C23DEE5
85E418FFF7EB48211D353055A6C3CA281B95A1C8
738B83AACDE051A35C3B999EFF0CF8A009504B1B
9A3C9CCCC6402EB42391C9AF9CC58E8D9C1FEE80
CE26F5B4B07DEC1FD68D3CD2DBAF0684266F1551
16E394C66B3D13F75E83F03DC31F2910AF24E1FE
050DA111ADEAEA5441609E8B1BC17429830CACD4
AA6098F24364FBF42AF41166802F65A72B54B7D4
87803D8B238913A436F615732C7567BFB2CD731C
191B8C7BE6A475C15A7CCAFFE547BC18883C22E6
25A9B1B8AA1274D8351626B353DBEA158D4DE55A
DC0BE6383B9BCC05097C728A7B62B03B435B273D
F63B26CA30FB2A77B679A79CF034E83F7D3835AA
9E55998A54E7D87CA19AD1AE7C0BCFEAF9C1AEF1
C58D42FD3A5FCA5284CADDBC766158BB11010737
AD3B29F1510019D351A37F68ADE5C523CDDB159B
50AB613513FD9516136C563F51C0762E5085C636
BD374B8C54E01D2481A9354DAB218FC06520EDD3
C3C1149C3A902D874BDB5FD755CF3E249A7CEDE2
C027EA9C36F963EABEAE11D271B8ADDF9EA7D7C4
D25A7537A17E416A0EBB4BC069BEF9556BC341F0
E4C3D563070EC9EBEC0A516FE277EF6D81E6FB68
063411BADD92F7E539A1AB6B07FA54152AE60ECD
F72A727393BB8C076CDFF7BA2FF2ADF2CD7422D6
DD4931835F81D976C94D69681CCA58800ED23D42
28C993A8680DFF47367AC62935B32397F821F365
F49B1808B2F4CAD02E4D3A1455F706428947485C
78FDDB91490094C75017FC14CA34E15FF3B309F1
D214DDEA1C7258FD6D8AA90972790D9C0C27685A
BC24C72272711FA95442D72E12F9A9B08429DB0E
4699A8D246784660855DDB2F2944CD83BCDAFE90
0BDC54AA0272A7DC349CB99ED7F8D8A5DC8BD7FB
F6DC69EAFF419591C7F9CD948CF3F34C19E18BD8
5444B764D281C5D3E11D0BF4C04E3917480E21B5
ADDE0639CDB5D15C7526414A0BF2DF1CAE0B4C08
0AB0E8E86BCEE78679E2698AFE0EAA6B6390D702
97F99C7605A2846E11DCCE5A290CA1BAC7234A41
0826A0F7282AD8C7F726F14EAD14AFE3F501FE6C
93CCAC0A0A11B1AEB65FAC828799E550FCCE1504
134112B5D9DD2E12CDE90A831C93828664B66CF8
BEA8CF6BD4E2DF1229C5DC4D896F49DFA398B423
55E01A1AA5A2C710BA35584C1D453A91CF54F4D0
CFD98361B935E89A01E090574FFC3F7226BB7682
F874D957B52C7F6DEB30D1C29397DEB34D5FAACB
8AAFABEB8EEAE372E57CAC7628C280BD6FD42379
03C04DCA900B660837BD4AACE4E883E50F3AA927
D8FA9E096D17365F5F947CD738A150DB139868DA
4E01F801E52E5EFFD6CE1C90F0F0D702123E7DC4
ECE178AEA30FFF8F44DC0BAD2E4FA232DF6F82DE
0CC1F83296DFF0348AF8F28D5F9633F0C80DDFDC
3D83B8B3ED196FB1FBC11EE0C1B364DB9F6E561D
DA6B54D494D1DA8D8497C2D20E84B38B7CEE73B5
F790804ECA6495921EFB902322EA80C4314B7F0E
BF5E5AFE9C4BA6419A7F1959250C451D6A763E24
DC364922D92C7AFEF0428E52F128BF4014D8FA01
F2AB79C880D14E46B26FE583174EAF96FB965921
E436D585FBD1E97B419D454AC8A338753503B9DF
1E5BAAD5245E17C111A574D89DFCE537A5F33B64
51E56326D078A7CA950875C7A48FE104A5805C76
95C1A907EA005D256BC1D04A1A5082D643ACB71E
987A0B2DF53578E81DF05FC281E1105E9EC9A18E
A235700D1DAB972C1B775E8E059C98A11AE1BA41
BAC89726EABFF270F624FD59A353B4290B93F858
76508D736FA9E8AB129DCC1DFD32EE0F9749083C
F6FD7B73AD9E22FCCD4A72897A93188974FD5645
15BE46405ECD9043F6F52473B02A84DB412718F7
EC63258819C59AE456CFC5C18D03911665FA0074
3E1980D7F90A8F33396C15CEDEEB3429AD98178F
FADCAC80B8C7253CD5E1C651C7137BE003752D5C
82AE49EA6A96B426C66072FF1C84E6E9450BB7C8
EE4D43C5087FDB60823681B5C5AA960A93DFED88
985B994AE47217A4EDA6BC0A3EF0FA6CF91253CF
158944F394AFEDCFBB8EF221E52FF687276EE798
913334BCC5769CC61A7F779F7DB5A6AFAB72A78D
E29FFFABC7B075ADB33FB5DE6C7E5B8FB3213991
C3B24CD13FE92D87407B750BB8670C0C1552177E
A888A5B513EF2F82AA0728A747540DF5B2D6902B
636526EED80E89A7FC7C2AF5E70C20D2EF62D9A1
EF0C2710D79D7AC96E5F589AF29B2561FB9490C3
1F04B65CDC9ABB469D83AA5B5F02B1EA3AEF8ED0
916290C24DF088EB28001F13B36696D017751698
8D9D103024793195DD202E804A7E40D6428D929E
554A35ABBCB29665C43A4E94508FF3823ADD399D
AD47A761D47654231DCE873666306B283AB2CAD5
3FBD06704F929C6B0F9A5620465A5452D2186B95
6949F1F464C489F2F46F44C8ECCE717667F3EA1F
25E30653372F215BD6750E5B206C2FAD51923E73
4E2A8368853EF5DF47FD3D872D95CEFF7577801D
566C7D382E81A13334C6EF67796289EC210F0D45
60CE568366F3CA4C8D4FA72EEFDB83D262A91CC4
A70E94602499681D3E4ECB166CE4AA4F5F5552C7
8B8E5F2947C9875EFED8553EDAE85EC8888E01CF
B2776CF0B2B69BE041CD45D2304938FC3F921442
23EFDB482E0A82AE032B78BAAA3259685687F407
EF1D8EE8F01F5FAE157E817E0B41406A6C70366C
99568E397A61E7CDCD9ED4DDA38CB614302F9A8A
12BF4BD18B671F10521E04CC8616D7D5BCC23AD4
1B32664BCE6867878A012005499C3CE2D92E483B
EE0C7889DC427B3E9CD4049210507DE43C05888A
89655CAA043505C0F1EF778CBF11866288D1E501
6862B653523A99935BABC9B0E16B6961299B1D13
9FD411FFEAC9215714E779CF60AA854192138F92
31CBF6FFDD64EB037F793B2269D66F90F8541D4D
44503CD5A1338AB28472E9A30E59546C23BB3766
0B310379E63C51F060B00A81B2A58BD1D5C9DED8
D9BD7FD36DD95915B6B3E58DCE3BAA2B7D88BC84
78B073CD85E545898DFC736A4C7E626C301A72AF
948235FEE18BD6C9C275B1519FEBA03785FBAD4F
2F75BD47C3E2CF4BADE368CA50DD298D3079D610
674268074A5526E87AD44B05BF66583D5F7396E8
170E8B01B2ECB48AF717F4B100541E0231B41A80
596E14E85E2706DE4387EFD4FA14DBD4A7936AF7
07654C2493EFF45177FA7F7F75BC6074CEFAFCF5
C4292D401FE7BB049169A283EC3E7B1BAAB11271
DA1CE235F8E403C3CBBEB5AB8285037DDCCBCEB0
1CE2D720B85DAED37B9E55396E610926C7D8CB94
743D7B69F1BE2EF6AA13DDA60FD36F9515BA5316
C94323C12FEFDB7E81BDA958925DED40C10C0843
5A1B1DD7760D752A6EF4596901BA8FFBB4DC6C57
395E16B845832393AD4B652C4BEBAC2937157D4B
91BCF9B7C8377BC39DA4512CFD977367D7032875
D80088E42939B234DBD48D306152104C549CE1F4
61328DFD5987C8ECF65AF68FC48B1129F6F7E439
CEC489F70909F8CE0BA12CC17877355E49B7C991
45E056F0CD22D7989D3B2F69066DA6FFE73E579C
A01283006935B4F6245965F00AEBC70C0EDA24AB
1C8823F76C1309A1EAFC62B64E3565C7F9F17167
BF327A69FA57A4892DCF06392A0D49F9A1B70C44
517AFE7CAC68AAC4F5F5E836A0761B545C95D010
E1C50C831DE9C8CB575E3BA7121C7EF76DF3F0F1
8AAB45C2AD08C3E612AD2D516C067B9BBFEF4E10
D05EF8E2B34B889A6A242E91E50E3BCB4DE63D10
4FAECE6320508BA667DBFCFD24CB83002D84F66A
830997B2F3529CFBC8CB0967FC34321858687413
67AC75B006510744DCA01B94376DC773636484E9
42006BF3ACED5A09A5DCECC3AA5513332C740BDC
FFF24CC6A0D09E084F794F281A0DDFCBF588EC96
FACD9DCAD87119E33E2078108B9137B7A49E09BC
32A16F7940FE8526D0FAE509D7D5C1FBA9D648CD
EAFA21DCCE4C41A1D7A4F12E99AC94EA961FFA62
21E12E1B64C11DA099207995D2C362123869433D
409301747AB41C04526EF289820ADB0DCCA039B0
E49AF76FC872C1ADB1175BA6C00FF3933BE5337F
80661F2E5B61E7AD82257B9FD7A426E3F93692A6
ED915089684CD3445445CD5B83948CE86721A1B4
B71E41998AD822EE5593AAD186C1CF2AD447F13C
9A53BBFA1A65F6FB8FD51A5BB5E04CC408AE3826
A3797B3750054468C9D6D32DBB3A6CA2332BCCFE
40A3288A7978D1E3712205726613B438CE62B61D
F72EA4BF52B358AAF58BD488D3ED8ABFB61DBB77
B4D160B1F4396A4EBED7E5EC91CC19BB843E12F8
C483A8B01CE41B540F6F4D078A918688B5360F56
2BFC245C19B3C9247DA6279C75AF697D9E9B17F6
39776F664E8CCF100D9FFE9C5E8B7371842526F7
4CADCEF18D16EAABE6A92C47E7D9CC494A521B38
5BA254F769CE54232B8552647D0131FBB5709122
D59AF093A8DF7584865444E894572432E6FF2C2F
7C1B20D0319C27AC6B369A718C915A8CA6A2ECF0
44A4F77955A8CE22A193ADACDEDEDBCE1736F312
54F53F3C9E8A643D091E773CDCA56137C356F9A7
9FEA436A0CBB7B68CBCC33894ECCAC3183F11FD4
72FAE26EC983FDD3E41A05C2E1A0DA897FF8D709
F693F4EBDBD03D355AA3FE73D30766F9BD7B9773
68F05F1E9658A5767BED88FEDA4A4291EADAAEF3
D5F3BBBBE5CE0D5019F4F274E37A026CE33FA71E
9183590FDEB3A601C29C3B24B61922AD4B963DBC
87CABA79EC4AEC028BA8E6EED519F5BBD5050E8A
5C43E07F8D4B53F3FE67E70AC927A8D9A480DB42
65D516EA6B240527BB499BD6248C00D3CADA5A8D
9D924D6C7B217B1728685E10D2BAE42829C455E8
020FEA70B0BCB0BA2706224A237AEBFE8D03E1E0
EDB6F7A64112E9A62CA1B110BB83983AB923ED8E
21A334BD07C3B4B38BE31BB83FB7D08259AB70CB
93C641E8E56556E40965F86B4990EEC602C8ECD7
A048F624E847B3BDD05877D31E6DCCFD4999919B
457B30E7A2BBEB7293FE50A4A672FA8CC8EFF725
C933918A6BAF9E70D6C93739CC99F636BDC6C26C
BABDD31596EB7220AAC11FB7D8ABF372A0F44AFC
4FE475B21602BD0BB2BF2E0EAA7286249714542A
4EBDCE4FBD6CCA1EB70FEA224897D28849B1C587
29B5EC2C41EF36A2F3253A51ACBF368B7EF1760D
CE38257115F73D7CD5D71EEDCCC26FBE73C26383
FBAA08B38AB6FB32238B14357BF7ECFE03ECEDC7
DA930671C1667A72E974085B322F9DF0D8E4280E
E609050F31903C9BB603308300ACD3F78A0498A1
CE6B8CD68FC8B370AFD8BB240155CFF44D76292E
BFE1882774CBAAA0118B0FB8B53F5F1F3B97698F
AB2F161BBF32447BB3EF1603FAFC914B7D6DC59E
8AFBF10E5269E89EDEC229C32D3892332A21AF4B
261C0888B7AF9A0051DFE736589CB4B76C3F75ED
DD3F0BA9B9117B31B4469BC98B21FE5E720E96ED
706B6696AD57E281C6912BCA6C2E20E78BD79471
A694C680210306085FF5299FC1B61A23AD6C3D82
23E92EE185910814AEC7A022135A90F4BCAC07A8
BB6E41867A672FE45ECD7BC5D24C6DD5419F7C11
451C86626179A17CCC13ACCCE699A1A2EBDFA996
5CFC92FE888A76BEAAD36FB05E79320A8BE273E2
14232CEE390860F5D195265F5C2BD48FA31F2120
F307C36EB1262A614625F22E3E4820A702C4B737
AEE4FE41F3E2C92DA41113D6DF1B0DF8866ED82C
9EA11C408C98C3827412C20B7862272D7F139097
2F8DED92085F1721F21E5D0B8B3FA1A99B1635CF
A32CBF9BD69695B2AF8C6503982668C8C164D3D5
5052D49B0E6654716295F805A0778470E5A319DA
7AE5D60D0FB186DF361D363C601C63A6A482DCB0
9EC6B079FA6C71FF6EE6DF139955F3FB74C982E9
C27328F6F25BA86C2C4742B99A48BF10CEF296D1
5815FB6031BAD44AA1F3133831538075200A72EC
9B2F0EE8024ACE343D94051371935805668BF455
D8528984BEE9BEC85297DE7E0F224C19301D1CF8
4899923E1DBEE69F03602E2D53C959FB2E6FF5C8
CCA695F189C8B62CB9F087107F4774D7F9AFEB1B
EFDA2F2BC72C9A81ACD7773012A3D5C00D3F58D8
AACDB3E65F16F47B2FD68933555F7990BE58B08C
146B1E16837BAB81CDF0DA97911BC7A88DAD4C6E
3E4FA61B4D560398D9C86C33D1408B1FB186F2FD
A4A6D9F0A35A6C5C63A281CA97EE6BEDDEDBCF70
54D0B00B9CF6FA5AFF99C924439EC08732EB8E53
35E6986E366B1200FABEECFD3ABCC699AE9F2B6B
2A871E7485F72D7D9A5B46502BCE482C9A5DE72C
6A17D4AC39CA78AF1A185D72690428CE9CF59A6D
9CE3C1A7FDE1F97BE3105523153C1B8B9DEA1A56
3B70F6181D701204A963F9DB73AF61A1E178947A
D59F1614A29AB8379E0586667F284AB039AB0B8D
CEA94EBD1B0A71F6E2C41F89BFC9A0C6714899B1
BA2A5AA1CC5D431E87F7001B7156F6D6BDDE5A8E
BB68F47D36641B1C1B2A5234113D5F42C767443A
06FDA76F479267EB0537685257A82F54DF0920FC
DB05EB06582AFE13EFC42EF064520DA7C4C4E820
E10B4FFF32EDE7AD312D53D152E099333E2F781A
0374045627D5D6975B181863AB6D86CC7FD30AB4
A2A433AEE2D6C70B6EF5E2092999D0EBA73AB8C2
D3D48001C7210A93DAF672F4A5E150456F64CC89
A3A89B2BFFE902DE5D3F34365CFF7B74F03455CC
B692E13DB88AF5D7B9866F4CC706B1AFDC2E7645
7D2ACBAF40B6FC268C87D547A31B90FE524274D4
ACA78CA023435F984E46C8E30266B796A2B9921D
1F13A70651127767ED53C1EBD55C5B618819A3A9
C6C7924C6041A7FC7A9713219C9C5CC849AEAB56
FD884EB754132E3E1EEE0A09721ACDBDEF20BB7D
B1A31B8F65ADAAA4FBFBE9D4865261CD07F3E42C
622E70F8EAFBDE60599390C20EEDC1918B2EFCB3
012CE4B5125197D5F092F3922C12E179F23EB266
6D27A4449879024C67A0BA472B85D34DB8F58205
45A0E21BC2B2BC4AE7AC78327077BFBF3FBEBA06
8BA91177AA8FE79310C51F9658E734E902E1F5A3
520263F7BEB0645F3D2718AB9EA25222FBB673E3
19CF689A50A59B4B88F0BAFCD8C4C00C941058BD
4371AFB284C582054DCED1B3CD0D39B9B16A1550
53E5E626834FE7983A4DFD53FECB610387FCD259
534F04C4253F8E5448B938974E6FA3C5842A475A
4AE2CFDB0F942039E55F1ED74471C2B0288B0A92
670653D071BABE2456906991050824491A96F6E2
88BC965636A16168345509A705C59D3A97E8EA31
76E5B0CDAB7495E36DA20BEBF7802C1A666A9227
FD09221699428AD5FB86C69B5A573D77367D4D54
B592D6AE144D4C343A21EAB3B16735E9DBF40C3B
41D222F7F3BC0DC655227993C5B54B4115E0E7D4
3324F13EF37FCDDDF510E93D4AEBC8A4D6BB443E
495E425C0F50A739F0551994C367E49BCCC81850
413567CAF77AB707714954B0F947855E5DF6D897
1CA17A924055B1598A41432EF228B5C38800C66A
EFC900994405FB92A72B08A72BD2F26516FE8D99
BEDEC81F5994BC648BC29B4F1AEF93F71D25D109
69EE23210714A12FD1F6B5A02877BF86E4D50296
132CB31FEE74AB895B99B601F1E8ACDB2C21769B
3D3104A65AD196C89F1AEA2EBFE7A5142EBCEC8D
8428DC562673CE92F2E65948557DA0273A00B2F0
E4746D3039103505D37C76ED0E47564D385B4D50
C483ADCA142B303831160ACCB459F2ECDB4862C8
735EF63A2897A16907F2E38B47A8C36E9F580ED5
A88F90E28AC27DEB34FB75EB924FC098CCA35508
510B442E6821B89689019E9A4CC6724398E4EC9A
DB787CD13A654E50984F5FD2D03A05873EDC1DA4
73102F5934235E803BD0F1EC75C980348BD66814
095E5899FA377BE524F0A9DF028BEF2F98D83834
772B31A040CAB0D47D26C4491115BDAA6D921EE4
9164F08DAF19120AAA2E6DF341A06039CC826E95
1CE2892FA8D96AB9103B321E0AA37339C1CB9541
579F0A5663DD283EDED626135E2AC31267495418
ADB19BFA2AB738ED3A536683D2D49D6484D9583E
8BC7851B9D7DE688B43FCC265C3F4F885168D8F6
7BA00345EA183DE38811E22C7B2EEAC31267F568
3594428744AA5964BA3D93175F57A913F4679D41
1BA403587A0CD18373AF9DAFE5CBD2FC6C143491
83FE6A2C2C88B64AF5E179C88E7549D2E9361FA6
5BE951FA05ABE95582CFBAC3180CC9C25850DF16
98A50AF9159140E4095EA361B1349A1FDE0ED7A4
342220C9765702A416A55CEB357CE2787A6717E4
F0A5572AA28560BF0CCC607FF60AEB27D5947166
E091398ADE5D6D5ABE50EEE2FF97565830C34E02
875FFF1B1E264D5D5290E36E4F04F75253C3A005
4E7E6B91F41A5BD9C670C4A4819E85CC2359DF36
0EECAA88F75FA2DD2524681D309340326A7DEA24
77DFC9F1A5EA418623FB3B54DFDF971B7D815A3B
021A019F90F6D742D9653795E33735EE511EFE28
0B8E200EE2F1D5E3560BDBD00A240792F4354D1B
5B705861F449FA68AE978A15D68388FDA42AB65B
6383466FCCF2D95A7384456178F0C3B09047674F
4900465CD35FFDFC51594D88D5EF22856E47A0F0
F537ED8913FAF54D7D3F1E2EEEE0943CD62395B2
C431E8857ED2C7FDEEB905ABE73C6EA791C61CEB
5633BDB8748F3F288AFEED443EA376657B4E6145
2491FFEED4FAF7DE0E029302BAC615303D1F2478
FA75440B476B005506FFEB4405C10B7A579950A1
625BFBB971DFD96296DDEF3BA1F70FE98808302C
0830161B871DE855D4E64EBFB3EA66FCF84634FC
214BAE4F9BD6F445C6E086D7CFD8EE8F226EF96C
7872104E99507DAE489DE3F20E3770893D7513DC
DD4177080DDE37697220F8DCA15E5F152EC4DFFB
0B9C52FCFBC28A93DE35720AD033E376CFFC5BBC
E51C35501F95ED5A6044A968FA95F6A4A3F8BEF8
0A8AA7A9D5C5E3703E070F4467BF61353D00F9F6
0F26ACC804C46897F16B79ADE1CF4839C5562901
038239BC9A83C64738B8266E4894005815DFD408
39247B8506909F845484B69BDD90700FD3289F4F
00E49036208DDD485ABA2DA590CA601CCB95415F
4AD71A11CBEDFAEA875BC3B8DB493BEF91710B84
F46E5E3F2164D4ABA4C9981931DDA1CA699889D0
CC16931C6FD0FF139437E912167A1C9968B6F916
96F1989AEB7D182CA5F4EA698588B0E1032223B2
0627F1F1A43F1130579870D619611E30800EC667
2B916B6197BFCC951D55C834FBF01F081E06592A
CAE679E494CD36F5A28513A2FF7AD9634DB5A41B
C9FA90F42721F1491909EAC17F53C48EDFFA0BDF
4F41229D04554DABB6DF74AB9D67B06D6FA8C69E
2C6DCAABBEA89798D5C4667A4A74B171A4CC5EBF
429854C22898863F3C29B42947482DA4920F8147
0440EA1DD07C68159F02E61744D5ACF7C631B6F2
E4A2F4A95E8DD022C6DB49ECCB8709109D5E00B3
0F836E591F5533C474E2F960A6B904B36971787D
64B7F781765B15E975AF6B1B4BAFAED0143B9CB7
81E190C5140CCA4C975E24AD09D661E91DD6BF63
90290BCEB3C8B790DC18F4ED9F913A3E35487DFD
553F1BC9B1396040B681B41D9ED2EDF7C86CAFF7
EBD57F41347E79907340D2C5C81D7569A1FE822E
92AA205F747B7B61AFDA6BDC137DC4B68C1268E9
FB6A53C2A2C5CAC0CF9311B3E987A8D9D48AF5F3
758F522D1FA5AA44A6C41C54C2551A2662A8A654
5CD4C5659611AA53A48A7FF49B499B24D88C1535
9DF92297FE48A412679B1A66305915F08A0887F5
BE7189F366270E09DFFEF5297824DACD768A21E1
E613AAD502B527B0A44907BA9426D9991F958D16
5B1A090226888DB885EBCDC62704C0882B3150A8
3F21D19235FE7F1C48931A8CDE7D6B996A55ACF8
070D4ADF6523788445627BC7F56CCD4D1F548DBC
08AA248EF68F62CFA2D0FFA39A1FCB7D3678461A
6890E6EA492C44EAE93CD29CE584090AB1F318A7
2A29CC95FE58DF4F419509D93B7229A24DB325FF
4CA148FABFE097A0628816E7D47E5E0BBF00ED54
114DEB1433AFB7FA793F45AD06229EB261E90F0E
2358EC2FAD75DAD510035FF3B2A526A01852442D
D91020158CFEB7AF062999E6671A5B254CC87B2C
4FB7F71AD61A0C418EA5AB16CF8E365CEE12C901
2DC031EF4C0E7084BFF464660ED62EA50A3E5B25
7B217180683CFA38B3E35154243C49C08695473F
6795AF463D5A58595B5788C17624A61D1229FA8C
E5BCDFA494A5561F400BC67D0D563D4CF3F48749
4F9E1FC2FE4A541649E0882FE948B38563F479C4
553A2B66AAEB8516A8865664C7736D34CF1FCB17
9D1757039B53369DA51D16EA33699A89A48AEB0A
25A507459D5E52C1FB6C191AD48F45F8D8230DE5
7AC71F35CEFF0D9533995DDF02F97998401C3716
05462089E9D06E55E6BEB0BDEF351D66D2011797
C5C4FADCF4416CBE389C0E599D99CC09AEB57A2E
1E0370D0A5235EC1C36AC4F752CAC508E2203421
5D249A03C52CA74FD5092007AAC4721EC26F772E
A895D87D498270D887B912D91B3D28BBABE2C90A
C4A0D135449EC924F47A870A853DF437CE2B6147
5C92476076DA77EE9FA9141F2773DBD55E572601
72C01D2922A060538D46489698A6EDF78B94D498
805CF7005095664053A5429C9A5B58AD0AC341E2
ECA8BBC943F85C5A896D093E1C77E33379A5CAC9
1FC4CF5E867F0CA5C5B8B48D0478C40C5F9E0CD8
B28E36720B5FD2F9743F57E3504DA2C61730FEE3
BFA94F1C5A82DB4A7D607D4EE42EBB3909AA0A8E
1DE96787AF62650A0C2B05139083E7FF49EDE924
D2012EB4445B144477C5902E8D66A4BCD9B08336
254ACEB80B25919ECEBDD0DB357E2B3DAD3AB5A2
B5273B5D4946D870A8FFCCD6CCA93F05A92AB7CC
5BA04F4AFB899A5456E9A89991EA33618355B852
E922F10493EEF46F82F67306EE7BE9FFD0275CFF
64D3BA9F012FD0FD304AA5D2E58B083EF0F15528
204BF42E9AFFB81FD3D5E58C11083035B9CF7E8F
A3655D26497EB8C47A53874747BB218F67028A64
7B050BC5B4F953A86E7544285581C361A653DBB1
313055FAE800B44FA5D3FC25D27BF23FF13B1FCE
5D0D85A0C9D5750077137BD3570A2DD830D70EB4
0CDEB07C932E0ADDC90532F601EAF4D895773FE6
CA3C1728B5BAEF797848BD06EA50559DBA32EC93
13B1069E37A2163DD60CD7F5699753F1E0AB43FB
25096BA872A29F1E9752BD70EF3B54FB3FA92DF1
0796254AC329F36DD23821A905F3BC190D951C61
8B258A9C1537380EB8E2F3AD2D3D9B6D8C0769DE
9974F9FE534D1F74C1A2459F8BAFAC8834F0F472
B84CC348D30FBD59C581B2D4E2F7A21BD3DA04CA
ED2E8F5FB18514B532F47558406188BA0A5ABE4E
5BD7C72987153CAD1AC164B7A3EC498140F7E5E5
CD320FF9EAC0880978AC4F9B1F638B71ACF09CDA
A76090BB16495F2790BCBE237E98F2340267384E
E4B12EEDD4350BFEE29E59791E87444693C49C45
686AC230A580980DEB4C68CEA2FC434F085B426A
0CA22F9181406345228F8DDB62DA87BCD8585AA0
059B19873B603FF1C42BE3A1B0A546EA63E4F9BD
A8445D5F5747CEA1216553F2F0B0E523B5AFF31A
E8568865F05E3135778A31E397B7B345BDAF54D8
37DB80560939373B33FFD44C2D21B3EE04BE4C2C
9EA24AA9FF93B6265DB09CE88666C183F4DB8CD5
6DAA5ACAAE87DADAB9C4782BBE2D9B65E883F690
69DE943B5EC922B750C0627741B3096FC688F136
D1CCF9885A0BD72745654F8A0471C0774D5ED718
A001A464307874C81C124B79C594B349227E8EE2
BA44F254113FD382A87175146C1512B1FE36BFC7
91D6B8BC6FD638E107FD4A1EAB0EF309B03047C5
C77795424BD940BA43EA806E6BC7881BED42AD61
F05763AA6318E6054AAD42BA663694B08061FC93
7F4620C6A1BD86592B1400875EED53436B6D54F9
25AAB5647A76CF56EB5826571D98556292882B43
F4814459BEB139475D976015F273EC2B2BE6A452
19B4CA4DDB16545F67945547F5FC03D16717D088
2B74DE8B90BE0FD44FF0C523B4FBA107967BA9E5
16343C696A2692ADB62240EE8542DA0C561C53C1
9B84E672CDDC00DC03D9D5AF5A0193479C432C7D
CA1ED38AAE9E6C6CA00BA7227C2C7F25FB11BB85
6D2B4A453ED9C02C84E137A29FC3C1B1963AABB4
E487561F26720D50A2A0EF6091E1F4C34D77B5EF
20E0952FECB8103CA06D2618715BC2BDFF37F5A9
B8E722DD00DCAAFBF240FA7594F56FB50DDA0EA8
28CBA4FA8084610C2C14B06E1B478F315371F986
06EF11159574A6AEC2FE1A7313D2136328FA67AE
95E10345969498048F1DD8969769702509C4E60D
F214CA69CDDD693F8E5658A21287ED051ACABC0E
5FF4FF85C132A81180E79AB242495F711C4EB2A3
AAFFDEC17635139589667350708B1364BAEE1312
3F2C1FCD6E8B482FCF14B2B80E14EA5ED7A068B7
3277053BC6AE6921B3BFF0C98335857EF7916403
732F5CC22284C812D5E7B125AAF3175781E2636F
248EF7485EEEC5EB6C7A0C3AC04C79E7BD4E08A5
BA69A53A52E2D0DD2538C8E7799804D26EC27810
35266257D8A3B72C92499DF237049DAE10FE13E4
E95D490441A1A44E97582D1FDED412BBE67F062D
FFE8F5ACCC21A6171F815FB60D1306294F273911
A08A131BB2193164141D4B124CB0CF40BF9341FC
91E93717795BA75FF015638C835D27DB59E8BC2E
2ED7224A5E3A02F7B2A304164CC2C4C18856EECF
758898F7200BAD95B7E1A6DE4367847F0B314747
545B115594DD68A87F495C9E2994DF3B1B75D0D8
917DE5028DE822FD4BA65753E60C21E4ABAA240A
F0ADBFC4026C5F5B21469EDD6B2D2232A9FA5FDB
963FB17D93B2DF12A98DB693870DD7770F127CFF
A8E727EEB7DA019467DF9AB86D9821E766C05C9D
D47B861122E12C4A1785EE38CA32ED1806EAC0C0
8F9DEFFEA3AD60544B707054EB8F04D8FC58745A
D2B07915CE8B7735FFC264F1B084FC45A7E19496
00E0449153059CEBB6E158AEB41FFC4199D2AC75
949FFFF5945CF37AEF6970521A2BD3CA499DCD0A
4CD1377F2391FC6DC02B598ADE6D2DECF8F9558D
336A29C6BDB41D532AB9D5D119842962479E6A68
1043DD6842325A26AB65ECA9E40F7B57BFFFB812
0294F28AC95FEBB70FB232AA2FBD5790A7240078
9E9566C89CC24A25CE8B912F6EADBACCBA348D1A
8B70389F7C180BC22A423DED805087ABB047DB30
5E107EE8CF9F2E3503EDBFF096D5D37895F3C5F4
0002E14600CDFAF87544A3EA24F10C98454FEF60
C3B344AAF596AD3553FA93DE18D05EC0D667F0D5
5A1421C6A7F86CB36827E611DFC733DAB10ED64B
9339D894171CF733EAE5F5F86D026C827ECB9F79
52B01EA95BEA687003F2011499855462E37CDD68
EAD28A9CFA106C2D4E909A329C798EA1E6D37C9C
D627681676E931464920706EBBA6FC1D2A4380FA
1F489DAD77A52CD659FF340A48FD4465573A6FB3
40CE1BD1996742CA83DFC1E2170A80643139AB5A
37B9F5C0419B8630098D145A268005CC1BE6878D
F86FA68AC1BBB41E1EBD3F4716B30CE532C5DECC
A12F0CBF18B36E52DE84A6031EAC6C6516339A8A
6B224151DE4F881115ABD4C8C570D9831CD70491
040CB5C5A47649C71C8061FCA89F4B775B82CAE4
628EE4D945DD776C83E49DDF9447A2A7014100CC
E0F7E11DB6B9991B5AD0E094FDBC43CEC5B25DF3
ECB39CE15B771E0459C16705266C43A2E50F6D00
641D255B730C83BC8408C044FE20454E0F1B81EE
4DB72405DEE3B08DEFDD63E5FD0FC27F51C0D8C1
0631337F6D9CA37DD07264D6CAA458B3CB7C5043
7B185903C9B95BAA55740FE8AF34C462B86E922A
FB2964CBD9F9B74C26F60E81730A4CE07B1E417B
EB85241A8C6378277217267A31B558D9B8DFA3D0
2373E8317C8760D95E25319BC2776A7D1B304549
B28B6C65BD7CFCEE5BBA20678BC17B177C30B340
C4D5C75DAA7F6D0F94CFE39257CF32600393D372
614B050A64A7CFC3ACDC275EE56A63C310832B14
63C58F882B05F1BAD54314D2D0A1358C76937D48
B6BC9D5EAEDCEE10E4502DEA875E7D4893CEBF97
8142AF8B71A9FA54D62BFF62C58E7349C13CDACE
CCD9E77D70C0D0ABB4BD5704647D9E194255A70E
CBF3533D4B08C474B5FC41792AD4F2ACCE78F5BE
26B24A3B376BDA1760D5B307276F81A783025CB4
B652DE720BE484B78842B49A0D5EC5BA22D11EAA
68DCED8C44D857432B81BCF5BA9CA3E4A68B6810
EEB02CAC69E612E4134C41D42EC365EA6D80143D
6E04CD0EFCA9BF93E2FC18627F79E725A657D669
3430904361101C944731F5E08EEBFBB820601442
501F9EC5D4F2739CFCF1BC9CDDBE6A87656FC82C
C2B39A7BA754D2E6537C946CBA930846B02B0FDF
9D2109CA586BBCAD5FD069D6B07967F87B95D607
F1C25F02917E76E2583E01198F29F2E950723A23
3A612CB962A31009109D22884161A0EBEE0358CE
AFF707A151F5E7224DACF1D01E1F4F3C045FF6E5
804D6BAE5B7EA2324891D51F9BB3AEDC14F39E9F
9A9D13A281D1F9D3C06218EB9B3CE7D1140E17AC
F43B26E5461CCC73ABF0E2271A89D8B3F2A73E1C
16C82EE8348153CC79465DB356635F0F5EE9AEE1
05682268B1B22C0F37C853246467E08A10E6910E
10842B75FA450AD08B8F63C02FC11D5D05AD61CB
92D24857DCD8D769998D7244EC6CD3564E98FFDB
E23B07FFED87E62C7280AD8D659B7B3E65A88677
B597905C3D5AB7505B189E5DA8B698139B9F3622
AEA97404B478F30DE4035C0BE16719881C63052C
695A7826D3C63138C6D9DD0EC1C314409AADDA40
679030D9EAC3677CFD1D15EE1AE7C03728502004
C6FC7400BC4D31F464D3FA1E228F55B828F75EFB
2F92515D1666115E34B154CEDEBD0F2C98D66A57
75558C8A9A6DC8D6E6BA88F8B01919EA09991C2A
4577556D01D6C824CD59AEC83BF923B57F93F522
FF6E086928AEF6F1DBAE4BF5EC81B46AAD43C74C
37B2F6BD980C6F819AA647C1924B1CFBF46524E5
91ADC0BCFC79580DBA19B65458A3B5EC28C29602
67DDDDEB9D254AA117932ACF7D26EF8900513360
538E5681284EF552EECA477252BF3F8DEC44AA53
6BCA736D0ED654D0325C0CCC1FA72DFBF14B2CFE
29B8038A14CB594ECFC9F6659F73533A5035F6E8
0DBFAF4536ADB5582D451C5D82C36EB7F7422E55
910E784BFA87E9783556953F336A4982880F5DB7
F1FA1F544FC659AA603604DF6CD035B402D9BD2B
B9A69D70BFE65FF6452852C07060FF398B74EB09
070760022AFBEEF816FB39EC2BD70A16E53E3417
F13DC64A8746E99947CBCB9ECF4AF341CB6B0A9E
E833F28B7DDF685194187847E5444D458D077576
291996FB506930E1CC8DE3EDE4FF9A058BFB634F
2FD875A7D493D2C1C3F4466C63C19E8119BD26F4
95D6F0B6AF5071718A7929AD38E92A54F4E68C18
78398DFA70140DDEFEC34FE8A71F5E70AE984E4F
DF514BA05E9DEA8ACEE5925BB130B9FCC7EB0C1D
91AF1BB7E63EF749D812C0651D552DCA9A83FE33
15BE9BC12E5917513887521B5C4F7B2320709C5D
834920D46C23452418B5E0BBA74B58AC6E8CB2FC
A70E76911CB663C019CBD89D1C0B1FD0A8B94ACC
0DD258D704029242766BA55070EB045E94BA8CFC
B74FCB7DC3BB888CB4BB1554848DD9012B1E5854
AC58E2D19CFDEF5BEA6AF389F0823E8494841AAF
F7B8F6ABC74DADD81AF42DB91A1A81D6A1ABCCDC
545F15E87B5CF9437093A8EF7F650E6BBF8A1E30
829A9C923973318BBFEC4D010C73DC71D46CE3B2
A78E2181E50419798677501E82AA6860AF0C2DFF
F3D7DED6F41B16211483DFF84097C47BDF324284
93D7A9CD6ACD752EA3C25C2856EE0F0DBDB31FA1
F07DF0A59BAADBA8883C28D634A96BD6D8B8520B
B1D2C0086ADC4A174756415EF257A625C86BC7A0
82487834F0001B5D0CEA71F2D8A9B06C82DB1F38
9F0F9E61C1D09D7131F084228B086C6C254AB25E
F2ABD7802B789F2A190E662232674965EA1C577A
54A6701FEE8F63537F393F835F5AFC214092BEB7
896106ED4417B9885A74BDE2CB53CEC309BDA604
9FEE9D4544C1224AA8D569145650FA72D5C8EE83
F0D4E05B000A8C4512EDD5D989B5B9E8D087923D
1506E0F17F68CD254CA213287E176BFE0F8A0662
0A61D561C56C859508E2CF03B7FBCDD2E4073CB3
353F76ADC8D46E7FA914DC738C364D7AE8A26044
1EC6EADEEA38377A888BD05BE563A4A2735A7911
AEDC581CA8D6AC62613C3F4045CB4AC5635E8AC5
807D5A7A07A9BBDB9D185CBB8271F79820FBAD25
C321F94C45337414CD724DC0A6F11AE83EA8884E
4CCE69D524F3D213EA154EC67F9A88666C2A66F0
C73B8EAC5A45B1FC87A389FD573BA9164B26BA64
AAAD672BF5096D32E5632DD705229BCCA32792DA
1CB01EB408C5691254D7D97CB42D9DF7D4BB3711
1736F5678AD2297586C8BFAB3494725620CCA21A
F376C42B9826CF7268D139D758FCB169A0A92095
74E9B56E94D9F6EE41B3D85230FE6D1DA17940A6
B4A85CA8FE4FF43EFB4974C6EF96175B2ECFAC3C
9764A07006840D5838EFD6F2A1707FD5569DCDB9
7BA0994474C607E203824883167CC01156A00178
3DC059311559DB51E5EDD55B0B52F58EDB7835C5
CE9F5FE192D03715C2DB914C92419ACF4A50777D
408652574AA83182B855AE29B2EFEB414F2CC2F4
64648A724ADB64578808E965328706FB838A51DF
E63FAA34C7BF1F32975E70E151E13099C6FC2BAF
C6091E1A2FEDBEE8E78D37E3415F4C623E020BA2
C18088548215D15359324F565ED237FD9EE53704
3524D3E890BF23112037CD0789838F67EAD49294
0D176F53EB739060175ECEBCBD174F1B544E26C8
43326D20CBE9A663914A04F223C1CBF69219027C
1BA317E42C3685BDBF059BA6A3F2AAB1001460A0
7A6460D68C552DAB56106EE10EA63D7822665813
17346561568DEA8607CAFACCC47D2A821F3B0337
326EE75A9D146B0677F32C38C7BF9671B3F202EA
083AE2DA198BFC540FC27B23F63123D82D77DD6E
5382FB5F41E00660976EC99C002E0288CBDA8E94
D301BBD32A6EFA555DAEC93E0939BCAC8373E825
28E8ED569A25FE9629A89ED80839B60F3A9BBF18
9307E1F83655A4199387FBC1CE23EF999DBF6819
E5E12A22D9840CC08F32B4276EA6630916AA3201
DE39B36F81E016F3AA610693DD80D0A44BEC8FC3
676FA6E3FD55AF0EA928DFC2C138634D8D26039D
311E84B2B11EBD036556CE5F66B055729977D93C
AD239CDC17BD22C8F232BC046A2344F215554875
30D8D284F0A80BBBC072C8D940EF7E38A8302295
92FDACACAA0F1BBD6913E0C5111331AB481C83B6
0E27056CFF276A56602C153BB1A3DA85350786F6
F5F80F06C2CB471C3934B3B034A80006E7854F3A
032CF89C71E0EAA2F2019F3E72F329B4DF251B9C
EEE8A5F0081ECFAF3DDB6CB63568D76CADBA03A3
18063E64E1929E2DFC78384C2C0515838DC4AEFE
518B7C0C6A69AB5283BCC743B739AD2A453F7877
364334E8BFA5DFC1D1A60609D8312428387586EE
6DC64679AEA7FC76F31AD761362989B12702AF9E
BD8F93226AD60597A0B73EC8B3FABF7F501AD0D7
37DCC494E950D262E770ACB63F0C46DE95C84E4A
0E3F3F505CDA3773531CE4C44A61255F40AE184C
D9D033723726C10EB835755786A9AC10944D7D15
8FE93293E4396754F42E9962A428EED13DA8EB47
00A3EED556FF9B67D2964F68028F890F1D8F43A1
99DF6F3FCD01CBA12D98525104300B0E064DDC10
DCCAF5E1A771515F45DB30FF07FD918160D2A118
82197B5C0EC38EA2549D215D2EC795F85506EB71
F30D691CD6797AFC4C1A47BA902B74BCBCE881D6
6989456F800CC3A62B82E76B2713C746A1AE7864
3BB8C8C15ACA6BE1612BD3B917EA7D000CB6C912
F7B05C27D59A7AADED4F38421FC3BF2E2305176C
87310CE9EFDFEEC2EDE3E4198BB0A6CB1B5D0C57
C346BB1B7EE500882AD9FF30C62F5BC50A4717B7
BC2D9E2FB4C1FA57138FE47795818D17FBD47C14
77B75C180E38320B85AB1574130A0D92851F6644
9D5A95E7C466FDF7DF56DB65765CCD85A581245F
209391F3B32371D9D74487C5C5E936B1D2E767FF
C7B7BC90DDF6A799AE7301E0AA45717A07358C84
2E80DD4BC1A8F8FFE746612C3F536CDD7F4563B8
4C862C1E50249B21B0F23BB5F2A7D4BB965D339A
14B81C4753D71002E87BA5108FB904328ADC98D2
7EF8C63C730CC5542A9ED43980D98D7EF5F9038C
C14BE078CF769A87D14A100F05809AEB807FD483
E3F77B9592B51B4FB0FE327ADB7E375C4ACFD33A
4C2149740BDFF5251CD19D344958BFA8530AB8C2
BAC5FCEBA8EF5146727EEBF38C9AF963AA8C30E7
F7E97E82E4D1137166BE9190BD838444681F578A
298DABA2B9C2A2D70EADA4091255C89D499C30E2
AA5230E8E58AEF22C25F985055643EB431D31704
3B3BA141129874B0E755BA31D7C7DCCBF5970FE2
F76D688251C2791B26815930AAB3AF8BC4F5823B
30E55062D7D7C87AF62C530AE0E17D49AFF50095
3F9E41A413E614724541805E910A1977E49C3920
632ABDD8566F6D91AC157BA2B2430E2679535D3F
6B828BD068D3956DE13E9B210E4FD324E63FC9DE
8F5CC0525160147EC7280AE4AFFD6E988BDFCB46
686134F253C3DB300DA99FBD8B955B1EEEAD0FC5
CA7E74534AE85C8020CAFD0740DDC0F6B9A55AF1
077CDB97909546F5C7DD5FE7D0EC58A78333B378
FC072E4E86A7BFAC881363D09CA04BAB71FF9D2C
7A0513E40A532B7F5D6D3C2717A5C91C77A404CE
7F7DF12296B9B371614B6397A3F9FD5D72838153
D60AF1C67BB77C8E3ED941C574C425DAABFCE03F
5DB39F6AD7A3B5C1B960CEDD9393876B80EA6F16
6A24B7C25B72BE19A61ABA66796B87164D35F020
A23DFB7456D798F5DFC64DA28AC2BB080DFD9618
72F1CC06CF79CF8A07618296CC4D0D9A58A52A0E
B3D12BA0C629E3EC26977F5F4024F5320B323DE9
8668638FD87E8E0C3ACC07D2A9EACCAB101882F4
656CFE2CD6C069CF0DBF626E11EA90C39A61FEFC
526597C434E28C33D8B3EF388575E0A913FE802B
64FF7818368FD16C09A652D0007E3EBE1ECF9691
B8D053C2E309E53C8A24E8E4967F25C4ED7165CD
EF81547BB878FFF2175C529347976AAF40DF9016
A84EB2ECD8D51D64BC4A62C2A58CEEB8B4D6C8FE
46D792318A7A66C548064C4D98B2D8D07154A521
9074BBA6A8D62B07A5898A1E6A76F4703339D9F2
2A426EE3FCF7906F170AB69D41FA2EBD1385FC3D
1B99DBE269A946F496649E3B921162A952939D1C
BC76CD8EA5FE49E85BBFFED86B43E0DAE63D7C12
1883E97DFB46216C7343B2319E31E7BF99F9700C
D1B8B2DACB45E1BF328694AE18B65CF24C7601B5
41D009127997069E694BB20B299BE40471F8A1CD
B013E25D5DFD2C9C48FA121E936DC36DAA1DC0B5
33E73880629E017F47F67624FE331B560A895A09
AA3CF5597B86D6C5442880C3C5AA95B5A16F6F46
9744E49702052CE1484488B4B0F11AA5BCCA5337
0FC59781F31FA099403A7B717A98F5166AA17857
D2112C422DF3B84F150FFDB79E9C346E573CC793
64C641FB173DA43F93C4B81A2512304CEDACC27E
83A7A1909C4FB6534E2C526938477F2EFDF77F91
889EF8DD83269D97E7BDC044EEB0E89920228B86
9F933A4723AB58E5FF2636E97AD29DF376CC24C4
D7FE77E5F0B803190F4D4BDF1B3C377214D7FF74
8A3DD244899D482E9D23DDFFEDA84C8D0DD9D1E6
35982EDEC33E25955D77DD64143B5600935CBEAB
1086AA4F61C0F84BB2B8182A7259E30A76952E7E
D9A49333BE4E859506798A8A0C238D318B544472
78F4D08CDEDD84BDECFF8AC4734615E41A16E13F
1EC411F9A07435F91BFE7448E80989979B664B67
4CC2A1822498C19900A4F2A17D2F503C7EF860CA
616313E18CB4789F2EB24FDD769135B0730CA0C8
1E602F5E586BF9798F4758AEB4938AEB0CEADB0F
74B792932E1FC0D258C0D4BDA9C9DFFBC79C816A
80438901D45A07D12EFB49A2C2AD6AB115676AFE
56F15B336B63BD145FBAECFD1E30B247B4DFCD76
15C2AB4BCBEF95ED5A3DC12C122ED2D561FA18D4
4701CDE43407C2877F5BDA71757589DA919B597E
C759DCE3A7B9720FDAAC7A4B86B377308077D50A
4C116DC854D9696F1B3E04BC3AEF7067697561BB
AE13A747A8C869AE9713FD805B0849D0FB8A93A0
D9DD07F5162EED25ECFB3D0F7DFE35B30D022BDB
C9315F0A81AC0DE3867CE0F7CF33BE6277CA1D1D
93D9384DD9DEBDA54F147D1B97ABAB654734E6FC
3534F8D9A523B88EFA8CC25D3EF9DA2952B169E8
64AB6E607CB079E8492620994031814041D05D88
8147499CCC9DEFC2C3FA4D5001DBF2ECAEAEFFF6
9E5C49FBC292F1C0205A5F4C30487275DCF471F6
B8FA8524A6AA3CA40E36DD23ADBA189DB1C97A80
940564CB52D009B31C11B58DACD766E75F0E9357
20608E24FCBCAB08A80DE028369033BB96B2EF45
C4FA30AFD37B09B12E1F068347C4208189D1D816
C2C235C6029892190227EA05EB22B862F2E44A03
8EDAE0D30529F7638C99E90D8A10DBBC87F20979
60862538446F3B04088BC0300291267C3E8FA198
0AA03222A77085CDFF71E21986BE6FB7709396B9
3A7CFE891FBFBFD9FA26EA63AEB11EF637396A4D
EE1BC80ACC29B052CD1F56468E31B60E51CD0A99
A7E866020C8E0DC9934E03CD51F516E9B644D108
64A2B1B5312AE1CF51793A86FE7C60AC33197AD5
E757A648ACD07C32C95B69A5874F6E8C1324474B
595762AF00A200569B2033F03F4AAB9C720A0D30
6959F82D48CB21522F806DA1162B41892398D53D
06A3F45AC37961560F236221038FF57D30A61A9F
B1DDE1C3352278FB2930CB67DC3013009A53801D
90E67ACCF9BB9B170D3ACE6E1B1CA924EFB27FF3
E49E197A3EB95739F89FD11A7F0A7A5C458A6F86
71F3134FE19E86D084F40359EEEEF305030D8D2D
1B3C9A0582820211B101310072FAA078F98BA15E
4463F5000B7293D9CDD194818BD676D54AAD5EA0
033FE6E9E35BB0F52FCDCE51935504D0251C3C63
50593BA2D8DC2BEE55D6B5DA79C963CA589EC7DB
2D33841EAC42EC1EF21B016FA3300EA41C01E647
98FC8A9C29BB59697E738DC8A958D6E5F8F84AE8
42B2CF2968F79C4EB070985C0F49BE94302EBD51
27D878C48376754756FFCB895CF92F86EEBF286E
97CC371DB26B1C8E59433FB6FC1C3379FD7F7487
1E6CFCF6592EA6A5AA7540DA345F2A3CCCD71E30
92670CF381754D3AEC430C252889B90F2F42003B
FD871248D87B8D827AF01872D897A7CF877CE67F
517981E969063184BE0D10FA0EA0BA042E8EFA33
01B508E811978320734E3484B48925F672C30D02
2540786080F6BE360CD9BBDFE2ADEA45CE5B61DD
214FD7F9228C8BBA77E557B325B142B614318F06
301282A51A65CB1948322F185D32557042D0ADD1
D2AD87D9780224F8351DDBDB27105B3C62478A28
D640584C88219392F1B37639006320F72533862C
16BBE661B59B3BE83BB214C64BA3FADCC7C7BA4D
2C40946EC0D28225F2BCCA0748C5B45FF3C4D494
EB9DA37908D87FDA83A7B88B9D383E2ACF151F19
209BD2FD987348AC2285E47ECB9BA8A59D06F31D
BF521B8155D9F4B74D7B29A4ECB1227B5C8210B5
CA7C5EA85209B7D87EF069B9E83EFFDBA39841E1
B5F36F80AE44A77836FB008CD13E7FC69DB0B7DF
CF604E7B312DAC53AAB523B62448577A892AA2C1
0D720D1E2E933FC95F4C3EA25227C71F7B060BBA
296F3A2D657BA5D55C05553CB8F11DC1C5A8CAEC
F7E0608C2918A8183AD9A251F0DF37BDD06273D7
A096FE4B411609A79B1FAE3C482D5BD53E6D2E50
0407599EBAE5D7BB49FD3C8C86B70529B095915F
427AEB7963B1449BD19D9C3B51E95DA79F8BEDDD
028FEA4BED26EA293A55A4E99D23736E53E69A3F
1D480FB8E4293919D0D2C1AE609FE3A6716D79C3
C6B1EAF48956FA8E9524972C428793F688351628
598CF354DDCDE0CCC68426D56272B97B76C389D8
A8AFDD732B1D962088E04B1DC49992B8D24FADA5
504723DDB8D17900C6E5C594C330F89BCA2F4C94
58A4DB65680258DA24CE9AAA17E07362B6664A66
588FD1801E4354AFE334FFE1151B41461A30234D
07C99953C78E575F2DDE7368A65208DBAC0956D9
90E151E7A327748030EF80C285E6E881FF4DFF7C
F7C37B078E9352E0F5A446FDDC6120D6F66C9570
5BC63D752B9532B49AA122E7A24EF9938BBAA75D
2F0A7AEAF5DC1A71AF264D6BF06941778F124B0C
7B700A2DAD871B8225D43C87E819066230CF11DB
EBCA6FF21F3ADF124B9C63D783127319576B5D16
921B181C34B6240A247B4CE209E4B216561F5E3C
160EC1D3217DF47474876A2D722988FE122C2964
B9AD3B2EA483F4F17748C1D451575728394BB80A
0C57BD2DC077E4E050938DC666499AD84C80AA3B
B9B2601C54363AE20A60FB686920152F8DA0A832
003657CF1370D297CF29456245B748B69E9A609B
91FA7BDFFA27F6F36C5A80241DFD4EE490F2CF78
866FEB32FFE91FE82A6A50FEFB7455A1BDE35D38
D91C3FD9F99491636D0DD68E75711A82FC570DC7
74B8107545FEFC5C587D9396795E570FFBBE58A2
3F7C7EDD9E075EE635BE0B8CC89CE436B8A45DB4
76F37F4EC8D5D4F4473AAD428436716F4418582A
17323BC0FED7095CDBFCF87B325941372D6FFE4F
810F01595767645F2A0C0E8CECAF6A8580997271
AC5B844952CAA6E03EB2D5C4895F69D3B9819C02
016CF69FB1A99A624A4A8D2BFBF77FA2AE111EF9
0383BE8F04415E7090231D5AF511A35F01EE2F49
F71AE30F9AF6E7D4497A2FAA2BB88ACA679FDD9A
ADE478F154E643507821D2E575927CF752D03A66
B50CA096EA43D33E97C5440B531B526AEB8AA25F
9F43A726D69E16CF4D395D27285CFB51EB2AA1B2
7B5FB8DF9490329989D0784ECD7D85B974C8A320
417FDBAD0DEA6B021EA0A00DD8174C7540EED235
BE0D487EC72294AAFFA1FCF90F82666AF2B6E22B
52FB1F5F4E8F576AC6DE08874AA14DA85ADBFE3C
38FC9B6E381A8E27345D7EE9836B7FF346DAF271
A044D655801B99A3C6FFBCAE43FA9708844D49AE
92D846DEF8B48797E63602BD93AD37A0302E43FD